2012-06-08 09:51:58,375 [main] INFO  [org.hibernate.validator.internal.util.Version] - HV000001: Hibernate Validator 4.3.0.Final
2012-06-08 09:52:48,174 [qtp166253792-59] INFO  [com.feature.resources.server.config.bootstrap.TestFilter] - Test filter
2012-06-08 09:52:48,184 [qtp166253792-54] INFO  [com.feature.resources.server.config.bootstrap.TestFilter] - Test filter
2012-06-08 09:52:51,651 [qtp166253792-56] INFO  [com.feature.resources.server.config.bootstrap.TestFilter] - Test filter
2012-06-08 09:52:51,653 [qtp166253792-58] INFO  [com.feature.resources.server.config.bootstrap.TestFilter] - Test filter
2012-06-08 09:52:51,656 [qtp166253792-57] INFO  [com.feature.resources.server.config.bootstrap.TestFilter] - Test filter
2012-06-08 09:52:51,659 [qtp166253792-59] INFO  [com.feature.resources.server.config.bootstrap.TestFilter] - Test filter
2012-06-08 09:52:51,661 [qtp166253792-55] INFO  [com.feature.resources.server.config.bootstrap.TestFilter] - Test filter
2012-06-08 09:52:51,673 [qtp166253792-55] INFO  [com.feature.resources.server.config.bootstrap.TestFilter] - Test filter
2012-06-08 09:52:51,694 [qtp166253792-57] INFO  [com.feature.resources.server.config.bootstrap.TestFilter] - Test filter
2012-06-08 09:52:51,716 [qtp166253792-58] INFO  [com.feature.resources.server.config.bootstrap.TestFilter] - Test filter
2012-06-08 09:52:51,739 [qtp166253792-58] INFO  [com.feature.resources.server.config.bootstrap.TestFilter] - Test filter
2012-06-08 09:52:51,755 [qtp166253792-58] INFO  [com.feature.resources.server.config.bootstrap.TestFilter] - Test filter
2012-06-08 09:52:51,761 [qtp166253792-56] INFO  [com.feature.resources.server.config.bootstrap.TestFilter] - Test filter
2012-06-08 09:52:52,235 [qtp166253792-56] INFO  [com.feature.resources.server.config.bootstrap.TestFilter] - Test filter
2012-06-08 09:52:55,695 [qtp166253792-57] INFO  [com.feature.resources.server.config.bootstrap.TestFilter] - Test filter
2012-06-08 09:52:55,747 [qtp166253792-59] INFO  [com.feature.resources.server.resources.GraphicResource] - 4fd07e7797acc13bf88f7706
2012-06-08 09:52:55,748 [qtp166253792-58] INFO  [com.feature.resources.server.resources.GraphicResource] - 4fd0781f97acc13bf88f76fe
2012-06-08 09:52:55,747 [qtp166253792-55] INFO  [com.feature.resources.server.resources.GraphicResource] - 4fd051f497acc13bf88f76f5
2012-06-08 09:52:55,748 [qtp166253792-54] INFO  [com.feature.resources.server.resources.GraphicResource] - 4fd07a4197acc13bf88f7702
2012-06-08 09:52:55,748 [qtp166253792-56] INFO  [com.feature.resources.server.resources.GraphicResource] - 4fd055e097acc13bf88f76fa
2012-06-08 09:52:55,747 [qtp166253792-57] INFO  [com.feature.resources.server.resources.GraphicResource] - 4fd051f497acc13bf88f76f6
2012-06-08 09:52:56,418 [qtp166253792-55] ERROR [com.feature.resources.server.service.impl.GraphicServiceImpl] - Thumbnail image error!
javax.imageio.IIOException: Unsupported Image Type
	at com.sun.imageio.plugins.jpeg.JPEGImageReader.readInternal(JPEGImageReader.java:995)
	at com.sun.imageio.plugins.jpeg.JPEGImageReader.read(JPEGImageReader.java:966)
	at javax.imageio.ImageReader.read(ImageReader.java:940)
	at net.coobird.thumbnailator.tasks.io.InputStreamImageSource.read(Unknown Source)
	at net.coobird.thumbnailator.tasks.SourceSinkThumbnailTask.read(Unknown Source)
	at net.coobird.thumbnailator.Thumbnailator.createThumbnail(Unknown Source)
	at net.coobird.thumbnailator.Thumbnails$Builder.toOutputStream(Unknown Source)
	at com.feature.resources.server.service.impl.GraphicServiceImpl.writeThumbnailStreamIntoDisplay(GraphicServiceImpl.java:78)
	at com.feature.resources.server.service.impl.GraphicServiceImpl.displayThumbnailImage(GraphicServiceImpl.java:96)
	at com.feature.resources.server.resources.GraphicResource$1.write(GraphicResource.java:44)
	at com.sun.jersey.core.impl.provider.entity.StreamingOutputProvider.writeTo(StreamingOutputProvider.java:71)
	at com.sun.jersey.core.impl.provider.entity.StreamingOutputProvider.writeTo(StreamingOutputProvider.java:57)
	at com.sun.jersey.spi.container.ContainerResponse.write(ContainerResponse.java:306)
	at com.sun.jersey.server.impl.application.WebApplicationImpl._handleRequest(WebApplicationImpl.java:1451)
	at com.sun.jersey.server.impl.application.WebApplicationImpl.handleRequest(WebApplicationImpl.java:1363)
	at com.sun.jersey.server.impl.application.WebApplicationImpl.handleRequest(WebApplicationImpl.java:1353)
	at com.sun.jersey.spi.container.servlet.WebComponent.service(WebComponent.java:414)
	at com.sun.jersey.spi.container.servlet.ServletContainer.service(ServletContainer.java:537)
	at com.sun.jersey.spi.container.servlet.ServletContainer.service(ServletContainer.java:708)
	at javax.servlet.http.HttpServlet.service(HttpServlet.java:848)
	at com.google.inject.servlet.ServletDefinition.doService(ServletDefinition.java:263)
	at com.google.inject.servlet.ServletDefinition.service(ServletDefinition.java:178)
	at com.google.inject.servlet.ManagedServletPipeline.service(ManagedServletPipeline.java:91)
	at com.google.inject.servlet.FilterChainInvocation.doFilter(FilterChainInvocation.java:62)
	at com.google.inject.servlet.ManagedFilterPipeline.dispatch(ManagedFilterPipeline.java:118)
	at com.google.inject.servlet.GuiceFilter.doFilter(GuiceFilter.java:113)
	at org.eclipse.jetty.servlet.ServletHandler$CachedChain.doFilter(ServletHandler.java:1347)
	at com.opensymphony.sitemesh.webapp.SiteMeshFilter.obtainContent(SiteMeshFilter.java:129)
	at com.opensymphony.sitemesh.webapp.SiteMeshFilter.doFilter(SiteMeshFilter.java:77)
	at org.eclipse.jetty.servlet.ServletHandler$CachedChain.doFilter(ServletHandler.java:1338)
	at org.eclipse.jetty.servlet.ServletHandler.doHandle(ServletHandler.java:484)
	at org.eclipse.jetty.server.handler.ScopedHandler.handle(ScopedHandler.java:119)
	at org.eclipse.jetty.security.SecurityHandler.handle(SecurityHandler.java:524)
	at org.eclipse.jetty.server.session.SessionHandler.doHandle(SessionHandler.java:233)
	at org.eclipse.jetty.server.handler.ContextHandler.__doHandle(ContextHandler.java:1065)
	at org.eclipse.jetty.server.handler.ContextHandler.doHandle(ContextHandler.java)
	at org.eclipse.jetty.servlet.ServletHandler.doScope(ServletHandler.java:413)
	at org.eclipse.jetty.server.session.SessionHandler.doScope(SessionHandler.java:192)
	at org.eclipse.jetty.server.handler.ContextHandler.doScope(ContextHandler.java:999)
	at org.eclipse.jetty.server.handler.ScopedHandler.handle(ScopedHandler.java:117)
	at org.eclipse.jetty.server.handler.ContextHandlerCollection.handle(ContextHandlerCollection.java:250)
	at org.eclipse.jetty.server.handler.HandlerCollection.handle(HandlerCollection.java:149)
	at org.eclipse.jetty.server.handler.HandlerWrapper.handle(HandlerWrapper.java:111)
	at org.eclipse.jetty.server.Server.handle(Server.java:350)
	at org.eclipse.jetty.server.AbstractHttpConnection.handleRequest(AbstractHttpConnection.java:454)
	at org.eclipse.jetty.server.AbstractHttpConnection.headerComplete(AbstractHttpConnection.java:890)
	at org.eclipse.jetty.server.AbstractHttpConnection$RequestHandler.headerComplete(AbstractHttpConnection.java:944)
	at org.eclipse.jetty.http.HttpParser.parseNext(HttpParser.java:630)
	at org.eclipse.jetty.http.HttpParser.parseAvailable(HttpParser.java:230)
	at org.eclipse.jetty.server.AsyncHttpConnection.handle(AsyncHttpConnection.java:77)
	at org.eclipse.jetty.io.nio.SelectChannelEndPoint.handle(SelectChannelEndPoint.java:606)
	at org.eclipse.jetty.io.nio.SelectChannelEndPoint$1.run(SelectChannelEndPoint.java:46)
	at org.eclipse.jetty.util.thread.QueuedThreadPool.runJob(QueuedThreadPool.java:603)
	at org.eclipse.jetty.util.thread.QueuedThreadPool$3.run(QueuedThreadPool.java:538)
	at java.lang.Thread.run(Thread.java:722)
2012-06-08 09:52:56,650 [qtp166253792-55] INFO  [com.feature.resources.server.resources.GraphicResource] - 4fd051f497acc13bf88f76f1
2012-06-08 09:52:57,444 [qtp166253792-56] INFO  [com.feature.resources.server.resources.GraphicResource] - 4fd051f497acc13bf88f76f0
2012-06-08 09:52:57,451 [qtp166253792-59] INFO  [com.feature.resources.server.resources.GraphicResource] - 4fd051f497acc13bf88f76e8
2012-06-08 09:52:57,474 [qtp166253792-63] INFO  [com.feature.resources.server.resources.GraphicResource] - 4fd051f497acc13bf88f76e0
2012-06-08 09:52:57,481 [qtp166253792-54] INFO  [com.feature.resources.server.resources.GraphicResource] - 4fd051f497acc13bf88f76dc
2012-06-08 09:52:57,538 [qtp166253792-58] INFO  [com.feature.resources.server.resources.GraphicResource] - 4fd051f497acc13bf88f76da
2012-06-08 09:52:57,581 [qtp166253792-57] INFO  [com.feature.resources.server.resources.GraphicResource] - 4fd051f497acc13bf88f76d0
2012-06-08 09:52:57,597 [qtp166253792-59] INFO  [com.feature.resources.server.resources.GraphicResource] - 4fd051f497acc13bf88f76db
2012-06-08 09:52:57,625 [qtp166253792-58] INFO  [com.feature.resources.server.resources.GraphicResource] - 4fd051f497acc13bf88f76cf
2012-06-08 09:52:57,641 [qtp166253792-54] INFO  [com.feature.resources.server.resources.GraphicResource] - 4fd051f397acc13bf88f76c4
2012-06-08 09:52:57,647 [qtp166253792-55] INFO  [com.feature.resources.server.resources.GraphicResource] - 4fd051f397acc13bf88f76c9
2012-06-08 09:52:57,657 [qtp166253792-56] INFO  [com.feature.resources.server.resources.GraphicResource] - 4fd051f397acc13bf88f76c0
2012-06-08 09:52:57,696 [qtp166253792-58] INFO  [com.feature.resources.server.resources.GraphicResource] - 4fd051f397acc13bf88f76be
2012-06-08 09:52:57,703 [qtp166253792-63] INFO  [com.feature.resources.server.resources.GraphicResource] - 4fd051f397acc13bf88f76bf
2012-06-08 09:52:57,733 [qtp166253792-57] INFO  [com.feature.resources.server.resources.GraphicResource] - 4fd051f397acc13bf88f76b9
2012-06-08 09:52:57,843 [qtp166253792-56] INFO  [com.feature.resources.server.resources.GraphicResource] - 4fd051f397acc13bf88f76b2
2012-06-08 09:52:57,921 [qtp166253792-58] INFO  [com.feature.resources.server.resources.GraphicResource] - 4fd051f397acc13bf88f76a4
2012-06-08 09:52:57,964 [qtp166253792-55] INFO  [com.feature.resources.server.resources.GraphicResource] - 4fd051f397acc13bf88f76a0
2012-06-08 09:52:57,964 [qtp166253792-57] INFO  [com.feature.resources.server.resources.GraphicResource] - 4fd051f397acc13bf88f76b1
2012-06-08 09:52:57,971 [qtp166253792-56] INFO  [com.feature.resources.server.resources.GraphicResource] - 4fd051f397acc13bf88f76a9
2012-06-08 09:52:58,018 [qtp166253792-56] INFO  [com.feature.resources.server.resources.GraphicResource] - 4fd051f397acc13bf88f769d
2012-06-08 09:52:58,021 [qtp166253792-57] INFO  [com.feature.resources.server.resources.GraphicResource] - 4fd051f397acc13bf88f7694
2012-06-08 09:52:58,027 [qtp166253792-59] INFO  [com.feature.resources.server.resources.GraphicResource] - 4fd051f397acc13bf88f7698
2012-06-08 09:52:58,033 [qtp166253792-54] INFO  [com.feature.resources.server.resources.GraphicResource] - 4fd051f397acc13bf88f7695
2012-06-08 09:52:58,104 [qtp166253792-56] INFO  [com.feature.resources.server.resources.GraphicResource] - 4fd051f397acc13bf88f768c
2012-06-08 09:52:58,138 [qtp166253792-63] INFO  [com.feature.resources.server.resources.GraphicResource] - 4fd051f397acc13bf88f7688
2012-06-08 09:52:58,198 [qtp166253792-55] INFO  [com.feature.resources.server.resources.GraphicResource] - 4fd051f397acc13bf88f7687
2012-06-08 09:52:58,214 [qtp166253792-58] INFO  [com.feature.resources.server.resources.GraphicResource] - 4fd051f397acc13bf88f767f
2012-06-08 09:52:58,216 [qtp166253792-54] INFO  [com.feature.resources.server.resources.GraphicResource] - 4fd051f397acc13bf88f767e
2012-06-08 09:52:58,218 [qtp166253792-57] INFO  [com.feature.resources.server.resources.GraphicResource] - 4fd051f397acc13bf88f7686
2012-06-08 09:52:58,235 [qtp166253792-59] INFO  [com.feature.resources.server.resources.GraphicResource] - 4fd051f397acc13bf88f767d
2012-06-08 09:52:58,280 [qtp166253792-57] INFO  [com.feature.resources.server.resources.GraphicResource] - 4fd047e497acbf88ae05a8dd
2012-06-08 09:52:58,286 [qtp166253792-63] INFO  [com.feature.resources.server.resources.GraphicResource] - 4fd047ab97acbf88ae05a8d9
2012-06-08 09:52:58,322 [qtp166253792-56] INFO  [com.feature.resources.server.resources.GraphicResource] - 4fd0476c97acbf88ae05a8d5
2012-06-08 09:52:58,329 [qtp166253792-54] INFO  [com.feature.resources.server.resources.GraphicResource] - 4fd045e897acbf88ae05a8d1
2012-06-08 09:52:58,355 [qtp166253792-55] INFO  [com.feature.resources.server.resources.GraphicResource] - 4fd045e897acbf88ae05a8d0
2012-06-08 09:52:58,394 [qtp166253792-54] INFO  [com.feature.resources.server.resources.GraphicResource] - 4fd045e897acbf88ae05a8c9
2012-06-08 09:52:58,469 [qtp166253792-57] INFO  [com.feature.resources.server.resources.GraphicResource] - 4fd045e897acbf88ae05a8c6
2012-06-08 09:52:58,518 [qtp166253792-55] INFO  [com.feature.resources.server.resources.GraphicResource] - 4fd045e897acbf88ae05a8c4
2012-06-08 09:52:58,538 [qtp166253792-58] INFO  [com.feature.resources.server.resources.GraphicResource] - 4fd045e897acbf88ae05a8c3
2012-06-08 09:52:58,577 [qtp166253792-54] INFO  [com.feature.resources.server.resources.GraphicResource] - 4fd045e897acbf88ae05a8c0
2012-06-08 09:52:58,601 [qtp166253792-57] INFO  [com.feature.resources.server.resources.GraphicResource] - 4fd045e897acbf88ae05a8b9
2012-06-08 09:52:58,621 [qtp166253792-63] INFO  [com.feature.resources.server.resources.GraphicResource] - 4fd045e897acbf88ae05a8b8
2012-06-08 09:52:58,646 [qtp166253792-57] INFO  [com.feature.resources.server.resources.GraphicResource] - 4fd03fea97acbf88ae05a8ad
2012-06-08 09:52:58,674 [qtp166253792-57] INFO  [com.feature.resources.server.resources.GraphicResource] - 4fd03fea97acbf88ae05a8a6
2012-06-08 09:52:58,677 [qtp166253792-59] INFO  [com.feature.resources.server.resources.GraphicResource] - 4fd03fea97acbf88ae05a8a9
2012-06-08 09:52:58,682 [qtp166253792-56] INFO  [com.feature.resources.server.resources.GraphicResource] - 4fd03fea97acbf88ae05a8a5
2012-06-08 09:52:58,700 [qtp166253792-58] INFO  [com.feature.resources.server.resources.GraphicResource] - 4fd03fea97acbf88ae05a8a0
2012-06-08 09:52:58,715 [qtp166253792-57] INFO  [com.feature.resources.server.resources.GraphicResource] - 4fd03fea97acbf88ae05a8a1
2012-06-08 09:52:58,750 [qtp166253792-56] INFO  [com.feature.resources.server.resources.GraphicResource] - 4fd03fea97acbf88ae05a896
2012-06-08 09:52:58,753 [qtp166253792-55] INFO  [com.feature.resources.server.resources.GraphicResource] - 4fd03fea97acbf88ae05a897
2012-06-08 09:52:58,753 [qtp166253792-63] INFO  [com.feature.resources.server.resources.GraphicResource] - 4fd03fea97acbf88ae05a88d
2012-06-08 09:52:58,785 [qtp166253792-59] INFO  [com.feature.resources.server.resources.GraphicResource] - 4fd03fea97acbf88ae05a889
2012-06-08 09:52:58,787 [qtp166253792-58] INFO  [com.feature.resources.server.resources.GraphicResource] - 4fd03fea97acbf88ae05a885
2012-06-08 09:52:58,803 [qtp166253792-54] INFO  [com.feature.resources.server.resources.GraphicResource] - 4fd03fea97acbf88ae05a880
2012-06-08 09:52:58,803 [qtp166253792-56] INFO  [com.feature.resources.server.resources.GraphicResource] - 4fd03fea97acbf88ae05a886
2012-06-08 09:52:58,805 [qtp166253792-55] INFO  [com.feature.resources.server.resources.GraphicResource] - 4fd03fea97acbf88ae05a87f
2012-06-08 09:52:58,805 [qtp166253792-57] INFO  [com.feature.resources.server.resources.GraphicResource] - 4fd03fea97acbf88ae05a877
2012-06-08 09:52:58,822 [qtp166253792-63] INFO  [com.feature.resources.server.resources.GraphicResource] - 4fd03fea97acbf88ae05a871
2012-06-08 09:52:58,825 [qtp166253792-54] INFO  [com.feature.resources.server.resources.GraphicResource] - 4fd03fea97acbf88ae05a86c
2012-06-08 09:52:58,852 [qtp166253792-58] INFO  [com.feature.resources.server.resources.GraphicResource] - 4fd03fea97acbf88ae05a86e
2012-06-08 09:52:58,864 [qtp166253792-63] INFO  [com.feature.resources.server.resources.GraphicResource] - 4fd03fea97acbf88ae05a860
2012-06-08 09:52:58,883 [qtp166253792-63] INFO  [com.feature.resources.server.resources.GraphicResource] - 4fd03fea97acbf88ae05a861
2012-06-08 09:52:58,886 [qtp166253792-56] INFO  [com.feature.resources.server.resources.GraphicResource] - 4fd03fea97acbf88ae05a851
2012-06-08 09:52:58,890 [qtp166253792-59] INFO  [com.feature.resources.server.resources.GraphicResource] - 4fd03fea97acbf88ae05a85b
2012-06-08 09:52:58,895 [qtp166253792-55] INFO  [com.feature.resources.server.resources.GraphicResource] - 4fd03fea97acbf88ae05a86d
2012-06-08 09:52:58,897 [qtp166253792-54] INFO  [com.feature.resources.server.resources.GraphicResource] - 4fd03fe997acbf88ae05a84d
2012-06-08 09:52:58,897 [qtp166253792-57] INFO  [com.feature.resources.server.resources.GraphicResource] - 4fd03fea97acbf88ae05a859
2012-06-08 09:52:58,913 [qtp166253792-55] INFO  [com.feature.resources.server.resources.GraphicResource] - 4fd03fe997acbf88ae05a84a
2012-06-08 09:52:58,914 [qtp166253792-58] INFO  [com.feature.resources.server.resources.GraphicResource] - 4fd03fe997acbf88ae05a849
2012-06-08 09:52:58,928 [qtp166253792-56] INFO  [com.feature.resources.server.resources.GraphicResource] - 4fd03fe997acbf88ae05a840
2012-06-08 09:52:58,932 [qtp166253792-59] INFO  [com.feature.resources.server.resources.GraphicResource] - 4fd03fe997acbf88ae05a843
2012-06-08 09:52:58,932 [qtp166253792-63] INFO  [com.feature.resources.server.resources.GraphicResource] - 4fd03fe997acbf88ae05a83b
2012-06-08 09:52:58,955 [qtp166253792-57] INFO  [com.feature.resources.server.resources.GraphicResource] - 4fd03af297acbf88ae05a835
2012-06-08 09:52:58,956 [qtp166253792-58] INFO  [com.feature.resources.server.resources.GraphicResource] - 4fcddb5697acf6d5b48b4f46
2012-06-08 09:52:58,968 [qtp166253792-59] INFO  [com.feature.resources.server.resources.GraphicResource] - 4fcddb5697acf6d5b48b4f42
2012-06-08 09:52:58,968 [qtp166253792-56] INFO  [com.feature.resources.server.resources.GraphicResource] - 4fcddb5697acf6d5b48b4f41
2012-06-08 09:52:58,971 [qtp166253792-54] INFO  [com.feature.resources.server.resources.GraphicResource] - 4fcddb5697acf6d5b48b4f3a
2012-06-08 09:52:58,976 [qtp166253792-63] INFO  [com.feature.resources.server.resources.GraphicResource] - 4fcddb5697acf6d5b48b4f36
2012-06-08 09:52:59,022 [qtp166253792-57] INFO  [com.feature.resources.server.resources.GraphicResource] - 4fcddb5697acf6d5b48b4f35
2012-06-08 09:52:59,085 [qtp166253792-56] INFO  [com.feature.resources.server.resources.GraphicResource] - 4fcddb5697acf6d5b48b4f34
2012-06-08 09:52:59,097 [qtp166253792-58] INFO  [com.feature.resources.server.resources.GraphicResource] - 4fcddb5697acf6d5b48b4f33
2012-06-08 09:52:59,104 [qtp166253792-57] INFO  [com.feature.resources.server.resources.GraphicResource] - 4fcdd80597ac005df11bb714
2012-06-08 09:52:59,108 [qtp166253792-55] INFO  [com.feature.resources.server.resources.GraphicResource] - 4fcddb5697acf6d5b48b4f26
2012-06-08 09:52:59,157 [qtp166253792-59] INFO  [com.feature.resources.server.resources.GraphicResource] - 4fcdb21597ac005df11bb704
2012-06-08 09:52:59,179 [qtp166253792-63] INFO  [com.feature.resources.server.resources.GraphicResource] - 4fcdb21597ac005df11bb703
2012-06-08 09:52:59,211 [qtp166253792-56] INFO  [com.feature.resources.server.resources.GraphicResource] - 4fcdb21597ac005df11bb702
2012-06-08 09:52:59,212 [qtp166253792-57] INFO  [com.feature.resources.server.resources.GraphicResource] - 4fcdb21597ac005df11bb701
2012-06-08 09:52:59,264 [qtp166253792-54] INFO  [com.feature.resources.server.resources.GraphicResource] - 4fcdb21597ac005df11bb700
2012-06-08 09:52:59,266 [qtp166253792-59] INFO  [com.feature.resources.server.config.bootstrap.TestFilter] - Test filter
2012-06-08 09:53:23,510 [qtp166253792-59] INFO  [com.feature.resources.server.resources.GraphicResource] - 4fd07e7797acc13bf88f7706
2012-06-08 09:53:23,515 [qtp166253792-63] INFO  [com.feature.resources.server.resources.GraphicResource] - 4fd07a4197acc13bf88f7702
2012-06-08 09:53:23,548 [qtp166253792-54] INFO  [com.feature.resources.server.resources.GraphicResource] - 4fd0781f97acc13bf88f76fe
2012-06-08 09:53:23,554 [qtp166253792-55] INFO  [com.feature.resources.server.resources.GraphicResource] - 4fd055e097acc13bf88f76fa
2012-06-08 09:53:23,556 [qtp166253792-58] INFO  [com.feature.resources.server.resources.GraphicResource] - 4fd051f497acc13bf88f76f6
2012-06-08 09:53:23,556 [qtp166253792-57] INFO  [com.feature.resources.server.resources.GraphicResource] - 4fd051f497acc13bf88f76f5
2012-06-08 09:53:23,565 [qtp166253792-63] INFO  [com.feature.resources.server.resources.GraphicResource] - 4fd051f497acc13bf88f76f1
2012-06-08 09:53:23,589 [qtp166253792-59] INFO  [com.feature.resources.server.resources.GraphicResource] - 4fd051f497acc13bf88f76f0
2012-06-08 09:53:23,608 [qtp166253792-57] ERROR [com.feature.resources.server.service.impl.GraphicServiceImpl] - Thumbnail image error!
javax.imageio.IIOException: Unsupported Image Type
	at com.sun.imageio.plugins.jpeg.JPEGImageReader.readInternal(JPEGImageReader.java:995)
	at com.sun.imageio.plugins.jpeg.JPEGImageReader.read(JPEGImageReader.java:966)
	at javax.imageio.ImageReader.read(ImageReader.java:940)
	at net.coobird.thumbnailator.tasks.io.InputStreamImageSource.read(Unknown Source)
	at net.coobird.thumbnailator.tasks.SourceSinkThumbnailTask.read(Unknown Source)
	at net.coobird.thumbnailator.Thumbnailator.createThumbnail(Unknown Source)
	at net.coobird.thumbnailator.Thumbnails$Builder.toOutputStream(Unknown Source)
	at com.feature.resources.server.service.impl.GraphicServiceImpl.writeThumbnailStreamIntoDisplay(GraphicServiceImpl.java:78)
	at com.feature.resources.server.service.impl.GraphicServiceImpl.displayThumbnailImage(GraphicServiceImpl.java:96)
	at com.feature.resources.server.resources.GraphicResource$1.write(GraphicResource.java:44)
	at com.sun.jersey.core.impl.provider.entity.StreamingOutputProvider.writeTo(StreamingOutputProvider.java:71)
	at com.sun.jersey.core.impl.provider.entity.StreamingOutputProvider.writeTo(StreamingOutputProvider.java:57)
	at com.sun.jersey.spi.container.ContainerResponse.write(ContainerResponse.java:306)
	at com.sun.jersey.server.impl.application.WebApplicationImpl._handleRequest(WebApplicationImpl.java:1451)
	at com.sun.jersey.server.impl.application.WebApplicationImpl.handleRequest(WebApplicationImpl.java:1363)
	at com.sun.jersey.server.impl.application.WebApplicationImpl.handleRequest(WebApplicationImpl.java:1353)
	at com.sun.jersey.spi.container.servlet.WebComponent.service(WebComponent.java:414)
	at com.sun.jersey.spi.container.servlet.ServletContainer.service(ServletContainer.java:537)
	at com.sun.jersey.spi.container.servlet.ServletContainer.service(ServletContainer.java:708)
	at javax.servlet.http.HttpServlet.service(HttpServlet.java:848)
	at com.google.inject.servlet.ServletDefinition.doService(ServletDefinition.java:263)
	at com.google.inject.servlet.ServletDefinition.service(ServletDefinition.java:178)
	at com.google.inject.servlet.ManagedServletPipeline.service(ManagedServletPipeline.java:91)
	at com.google.inject.servlet.FilterChainInvocation.doFilter(FilterChainInvocation.java:62)
	at com.google.inject.servlet.ManagedFilterPipeline.dispatch(ManagedFilterPipeline.java:118)
	at com.google.inject.servlet.GuiceFilter.doFilter(GuiceFilter.java:113)
	at org.eclipse.jetty.servlet.ServletHandler$CachedChain.doFilter(ServletHandler.java:1347)
	at com.opensymphony.sitemesh.webapp.SiteMeshFilter.obtainContent(SiteMeshFilter.java:129)
	at com.opensymphony.sitemesh.webapp.SiteMeshFilter.doFilter(SiteMeshFilter.java:77)
	at org.eclipse.jetty.servlet.ServletHandler$CachedChain.doFilter(ServletHandler.java:1338)
	at org.eclipse.jetty.servlet.ServletHandler.doHandle(ServletHandler.java:484)
	at org.eclipse.jetty.server.handler.ScopedHandler.handle(ScopedHandler.java:119)
	at org.eclipse.jetty.security.SecurityHandler.handle(SecurityHandler.java:524)
	at org.eclipse.jetty.server.session.SessionHandler.doHandle(SessionHandler.java:233)
	at org.eclipse.jetty.server.handler.ContextHandler.__doHandle(ContextHandler.java:1065)
	at org.eclipse.jetty.server.handler.ContextHandler.doHandle(ContextHandler.java)
	at org.eclipse.jetty.servlet.ServletHandler.doScope(ServletHandler.java:413)
	at org.eclipse.jetty.server.session.SessionHandler.doScope(SessionHandler.java:192)
	at org.eclipse.jetty.server.handler.ContextHandler.doScope(ContextHandler.java:999)
	at org.eclipse.jetty.server.handler.ScopedHandler.handle(ScopedHandler.java:117)
	at org.eclipse.jetty.server.handler.ContextHandlerCollection.handle(ContextHandlerCollection.java:250)
	at org.eclipse.jetty.server.handler.HandlerCollection.handle(HandlerCollection.java:149)
	at org.eclipse.jetty.server.handler.HandlerWrapper.handle(HandlerWrapper.java:111)
	at org.eclipse.jetty.server.Server.handle(Server.java:350)
	at org.eclipse.jetty.server.AbstractHttpConnection.handleRequest(AbstractHttpConnection.java:454)
	at org.eclipse.jetty.server.AbstractHttpConnection.headerComplete(AbstractHttpConnection.java:890)
	at org.eclipse.jetty.server.AbstractHttpConnection$RequestHandler.headerComplete(AbstractHttpConnection.java:944)
	at org.eclipse.jetty.http.HttpParser.parseNext(HttpParser.java:630)
	at org.eclipse.jetty.http.HttpParser.parseAvailable(HttpParser.java:230)
	at org.eclipse.jetty.server.AsyncHttpConnection.handle(AsyncHttpConnection.java:77)
	at org.eclipse.jetty.io.nio.SelectChannelEndPoint.handle(SelectChannelEndPoint.java:606)
	at org.eclipse.jetty.io.nio.SelectChannelEndPoint$1.run(SelectChannelEndPoint.java:46)
	at org.eclipse.jetty.util.thread.QueuedThreadPool.runJob(QueuedThreadPool.java:603)
	at org.eclipse.jetty.util.thread.QueuedThreadPool$3.run(QueuedThreadPool.java:538)
	at java.lang.Thread.run(Thread.java:722)
2012-06-08 09:53:23,638 [qtp166253792-54] INFO  [com.feature.resources.server.resources.GraphicResource] - 4fd051f497acc13bf88f76e0
2012-06-08 09:53:23,633 [qtp166253792-56] INFO  [com.feature.resources.server.resources.GraphicResource] - 4fd051f497acc13bf88f76e8
2012-06-08 09:53:23,658 [qtp166253792-63] INFO  [com.feature.resources.server.resources.GraphicResource] - 4fd051f497acc13bf88f76dc
2012-06-08 09:53:23,682 [qtp166253792-58] INFO  [com.feature.resources.server.resources.GraphicResource] - 4fd051f497acc13bf88f76db
2012-06-08 09:53:23,693 [qtp166253792-56] INFO  [com.feature.resources.server.resources.GraphicResource] - 4fd051f497acc13bf88f76da
2012-06-08 09:53:23,722 [qtp166253792-58] INFO  [com.feature.resources.server.resources.GraphicResource] - 4fd051f497acc13bf88f76cf
2012-06-08 09:53:23,723 [qtp166253792-63] INFO  [com.feature.resources.server.resources.GraphicResource] - 4fd051f497acc13bf88f76d0
2012-06-08 09:53:23,735 [qtp166253792-59] INFO  [com.feature.resources.server.resources.GraphicResource] - 4fd051f397acc13bf88f76c9
2012-06-08 09:53:23,767 [qtp166253792-56] INFO  [com.feature.resources.server.resources.GraphicResource] - 4fd051f397acc13bf88f76c4
2012-06-08 09:53:23,777 [qtp166253792-58] INFO  [com.feature.resources.server.resources.GraphicResource] - 4fd051f397acc13bf88f76c0
2012-06-08 09:53:23,794 [qtp166253792-54] INFO  [com.feature.resources.server.resources.GraphicResource] - 4fd051f397acc13bf88f76bf
2012-06-08 09:53:23,826 [qtp166253792-56] INFO  [com.feature.resources.server.resources.GraphicResource] - 4fd051f397acc13bf88f76be
2012-06-08 09:53:23,830 [qtp166253792-58] INFO  [com.feature.resources.server.resources.GraphicResource] - 4fd051f397acc13bf88f76b9
2012-06-08 09:53:23,859 [qtp166253792-63] INFO  [com.feature.resources.server.resources.GraphicResource] - 4fd051f397acc13bf88f76b2
2012-06-08 09:53:23,876 [qtp166253792-56] INFO  [com.feature.resources.server.resources.GraphicResource] - 4fd051f397acc13bf88f76b1
2012-06-08 09:53:23,883 [qtp166253792-58] INFO  [com.feature.resources.server.resources.GraphicResource] - 4fd051f397acc13bf88f76a9
2012-06-08 09:53:23,896 [qtp166253792-54] INFO  [com.feature.resources.server.resources.GraphicResource] - 4fd051f397acc13bf88f76a4
2012-06-08 09:53:23,920 [qtp166253792-63] INFO  [com.feature.resources.server.resources.GraphicResource] - 4fd051f397acc13bf88f76a0
2012-06-08 09:53:23,923 [qtp166253792-59] INFO  [com.feature.resources.server.resources.GraphicResource] - 4fd051f397acc13bf88f7698
2012-06-08 09:53:23,924 [qtp166253792-56] INFO  [com.feature.resources.server.resources.GraphicResource] - 4fd051f397acc13bf88f769d
2012-06-08 09:53:23,987 [qtp166253792-58] INFO  [com.feature.resources.server.resources.GraphicResource] - 4fd051f397acc13bf88f7695
2012-06-08 09:53:23,988 [qtp166253792-56] INFO  [com.feature.resources.server.resources.GraphicResource] - 4fd051f397acc13bf88f7694
2012-06-08 09:53:24,010 [qtp166253792-57] INFO  [com.feature.resources.server.resources.GraphicResource] - 4fd051f397acc13bf88f768c
2012-06-08 09:53:24,017 [qtp166253792-55] INFO  [com.feature.resources.server.resources.GraphicResource] - 4fd051f397acc13bf88f7687
2012-06-08 09:53:24,017 [qtp166253792-63] INFO  [com.feature.resources.server.resources.GraphicResource] - 4fd051f397acc13bf88f7688
2012-06-08 09:53:24,021 [qtp166253792-59] INFO  [com.feature.resources.server.resources.GraphicResource] - 4fd051f397acc13bf88f7686
2012-06-08 09:53:24,024 [qtp166253792-54] INFO  [com.feature.resources.server.resources.GraphicResource] - 4fd051f397acc13bf88f767f
2012-06-08 09:53:24,034 [qtp166253792-56] INFO  [com.feature.resources.server.resources.GraphicResource] - 4fd051f397acc13bf88f767e
2012-06-08 09:53:24,119 [qtp166253792-59] INFO  [com.feature.resources.server.resources.GraphicResource] - 4fd051f397acc13bf88f767d
2012-06-08 09:53:24,137 [qtp166253792-58] INFO  [com.feature.resources.server.resources.GraphicResource] - 4fd047ab97acbf88ae05a8d9
2012-06-08 09:53:24,182 [qtp166253792-63] INFO  [com.feature.resources.server.resources.GraphicResource] - 4fd045e897acbf88ae05a8d1
2012-06-08 09:53:24,185 [qtp166253792-58] INFO  [com.feature.resources.server.resources.GraphicResource] - 4fd045e897acbf88ae05a8d0
2012-06-08 09:53:24,186 [qtp166253792-54] INFO  [com.feature.resources.server.resources.GraphicResource] - 4fd047e497acbf88ae05a8dd
2012-06-08 09:53:24,191 [qtp166253792-57] INFO  [com.feature.resources.server.resources.GraphicResource] - 4fd0476c97acbf88ae05a8d5
2012-06-08 09:53:24,254 [qtp166253792-59] INFO  [com.feature.resources.server.resources.GraphicResource] - 4fd045e897acbf88ae05a8c9
2012-06-08 09:53:24,265 [qtp166253792-57] INFO  [com.feature.resources.server.resources.GraphicResource] - 4fd045e897acbf88ae05a8c6
2012-06-08 09:53:24,280 [qtp166253792-56] INFO  [com.feature.resources.server.resources.GraphicResource] - 4fd045e897acbf88ae05a8c4
2012-06-08 09:53:24,314 [qtp166253792-63] INFO  [com.feature.resources.server.resources.GraphicResource] - 4fd045e897acbf88ae05a8c3
2012-06-08 09:53:24,321 [qtp166253792-55] INFO  [com.feature.resources.server.resources.GraphicResource] - 4fd045e897acbf88ae05a8c0
2012-06-08 09:53:24,357 [qtp166253792-55] INFO  [com.feature.resources.server.resources.GraphicResource] - 4fd03fea97acbf88ae05a8ad
2012-06-08 09:53:24,364 [qtp166253792-63] INFO  [com.feature.resources.server.resources.GraphicResource] - 4fd045e897acbf88ae05a8b9
2012-06-08 09:53:24,375 [qtp166253792-59] INFO  [com.feature.resources.server.resources.GraphicResource] - 4fd045e897acbf88ae05a8b8
2012-06-08 09:53:24,384 [qtp166253792-58] INFO  [com.feature.resources.server.resources.GraphicResource] - 4fd03fea97acbf88ae05a8a6
2012-06-08 09:53:24,387 [qtp166253792-54] INFO  [com.feature.resources.server.resources.GraphicResource] - 4fd03fea97acbf88ae05a8a9
2012-06-08 09:53:24,406 [qtp166253792-63] INFO  [com.feature.resources.server.resources.GraphicResource] - 4fd03fea97acbf88ae05a8a0
2012-06-08 09:53:24,410 [qtp166253792-57] INFO  [com.feature.resources.server.resources.GraphicResource] - 4fd03fea97acbf88ae05a8a1
2012-06-08 09:53:24,425 [qtp166253792-55] INFO  [com.feature.resources.server.resources.GraphicResource] - 4fd03fea97acbf88ae05a8a5
2012-06-08 09:53:24,428 [qtp166253792-54] INFO  [com.feature.resources.server.resources.GraphicResource] - 4fd03fea97acbf88ae05a897
2012-06-08 09:53:24,435 [qtp166253792-63] INFO  [com.feature.resources.server.resources.GraphicResource] - 4fd03fea97acbf88ae05a896
2012-06-08 09:53:24,466 [qtp166253792-63] INFO  [com.feature.resources.server.resources.GraphicResource] - 4fd03fea97acbf88ae05a889
2012-06-08 09:53:24,485 [qtp166253792-56] INFO  [com.feature.resources.server.resources.GraphicResource] - 4fd03fea97acbf88ae05a88d
2012-06-08 09:53:24,491 [qtp166253792-57] INFO  [com.feature.resources.server.resources.GraphicResource] - 4fd03fea97acbf88ae05a885
2012-06-08 09:53:24,510 [qtp166253792-56] INFO  [com.feature.resources.server.resources.GraphicResource] - 4fd03fea97acbf88ae05a886
2012-06-08 09:53:24,521 [qtp166253792-63] INFO  [com.feature.resources.server.resources.GraphicResource] - 4fd03fea97acbf88ae05a880
2012-06-08 09:53:24,528 [qtp166253792-56] INFO  [com.feature.resources.server.resources.GraphicResource] - 4fd03fea97acbf88ae05a87f
2012-06-08 09:53:24,552 [qtp166253792-55] INFO  [com.feature.resources.server.resources.GraphicResource] - 4fd03fea97acbf88ae05a877
2012-06-08 09:53:24,555 [qtp166253792-56] INFO  [com.feature.resources.server.resources.GraphicResource] - 4fd03fea97acbf88ae05a86c
2012-06-08 09:53:24,562 [qtp166253792-58] INFO  [com.feature.resources.server.resources.GraphicResource] - 4fd03fea97acbf88ae05a871
2012-06-08 09:53:24,568 [qtp166253792-63] INFO  [com.feature.resources.server.resources.GraphicResource] - 4fd03fea97acbf88ae05a86e
2012-06-08 09:53:24,572 [qtp166253792-59] INFO  [com.feature.resources.server.resources.GraphicResource] - 4fd03fea97acbf88ae05a86d
2012-06-08 09:53:24,580 [qtp166253792-56] INFO  [com.feature.resources.server.resources.GraphicResource] - 4fd03fea97acbf88ae05a860
2012-06-08 09:53:24,589 [qtp166253792-59] INFO  [com.feature.resources.server.resources.GraphicResource] - 4fd03fea97acbf88ae05a861
2012-06-08 09:53:24,590 [qtp166253792-58] INFO  [com.feature.resources.server.resources.GraphicResource] - 4fd03fea97acbf88ae05a859
2012-06-08 09:53:24,594 [qtp166253792-57] INFO  [com.feature.resources.server.resources.GraphicResource] - 4fd03fea97acbf88ae05a85b
2012-06-08 09:53:24,599 [qtp166253792-56] INFO  [com.feature.resources.server.resources.GraphicResource] - 4fd03fea97acbf88ae05a851
2012-06-08 09:53:24,616 [qtp166253792-56] INFO  [com.feature.resources.server.resources.GraphicResource] - 4fd03fe997acbf88ae05a849
2012-06-08 09:53:24,618 [qtp166253792-54] INFO  [com.feature.resources.server.resources.GraphicResource] - 4fd03fe997acbf88ae05a84d
2012-06-08 09:53:24,620 [qtp166253792-59] INFO  [com.feature.resources.server.resources.GraphicResource] - 4fd03fe997acbf88ae05a84a
2012-06-08 09:53:24,636 [qtp166253792-63] INFO  [com.feature.resources.server.resources.GraphicResource] - 4fd03fe997acbf88ae05a843
2012-06-08 09:53:24,641 [qtp166253792-57] INFO  [com.feature.resources.server.resources.GraphicResource] - 4fd03fe997acbf88ae05a83b
2012-06-08 09:53:24,646 [qtp166253792-55] INFO  [com.feature.resources.server.resources.GraphicResource] - 4fd03fe997acbf88ae05a840
2012-06-08 09:53:24,662 [qtp166253792-56] INFO  [com.feature.resources.server.resources.GraphicResource] - 4fcddb5697acf6d5b48b4f46
2012-06-08 09:53:24,667 [qtp166253792-54] INFO  [com.feature.resources.server.resources.GraphicResource] - 4fd03af297acbf88ae05a835
2012-06-08 09:53:24,669 [qtp166253792-58] INFO  [com.feature.resources.server.resources.GraphicResource] - 4fcddb5697acf6d5b48b4f41
2012-06-08 09:53:24,675 [qtp166253792-63] INFO  [com.feature.resources.server.resources.GraphicResource] - 4fcddb5697acf6d5b48b4f42
2012-06-08 09:53:24,687 [qtp166253792-57] INFO  [com.feature.resources.server.resources.GraphicResource] - 4fcddb5697acf6d5b48b4f3a
2012-06-08 09:53:24,735 [qtp166253792-54] INFO  [com.feature.resources.server.resources.GraphicResource] - 4fcddb5697acf6d5b48b4f36
2012-06-08 09:53:24,749 [qtp166253792-58] INFO  [com.feature.resources.server.resources.GraphicResource] - 4fcddb5697acf6d5b48b4f35
2012-06-08 09:53:24,755 [qtp166253792-59] INFO  [com.feature.resources.server.resources.GraphicResource] - 4fcddb5697acf6d5b48b4f34
2012-06-08 09:53:24,763 [qtp166253792-56] INFO  [com.feature.resources.server.resources.GraphicResource] - 4fcddb5697acf6d5b48b4f33
2012-06-08 09:53:24,804 [qtp166253792-57] INFO  [com.feature.resources.server.resources.GraphicResource] - 4fcddb5697acf6d5b48b4f26
2012-06-08 09:53:24,807 [qtp166253792-55] INFO  [com.feature.resources.server.resources.GraphicResource] - 4fcdd80597ac005df11bb714
2012-06-08 09:53:24,839 [qtp166253792-56] INFO  [com.feature.resources.server.resources.GraphicResource] - 4fcdb21597ac005df11bb704
2012-06-08 09:53:24,877 [qtp166253792-63] INFO  [com.feature.resources.server.resources.GraphicResource] - 4fcdb21597ac005df11bb703
2012-06-08 09:53:24,899 [qtp166253792-55] INFO  [com.feature.resources.server.resources.GraphicResource] - 4fcdb21597ac005df11bb702
2012-06-08 09:53:24,915 [qtp166253792-57] INFO  [com.feature.resources.server.resources.GraphicResource] - 4fcdb21597ac005df11bb701
2012-06-08 09:53:24,951 [qtp166253792-57] INFO  [com.feature.resources.server.resources.GraphicResource] - 4fcdb21597ac005df11bb700
2012-06-08 09:53:26,763 [qtp166253792-55] INFO  [com.feature.resources.server.resources.GraphicResource] - 4fd051f497acc13bf88f76f6
2012-06-08 09:53:26,763 [qtp166253792-57] INFO  [com.feature.resources.server.resources.GraphicResource] - 4fd051f497acc13bf88f76f5
2012-06-08 09:53:26,768 [qtp166253792-63] INFO  [com.feature.resources.server.resources.GraphicResource] - 4fd0781f97acc13bf88f76fe
2012-06-08 09:53:26,770 [qtp166253792-59] INFO  [com.feature.resources.server.resources.GraphicResource] - 4fd07a4197acc13bf88f7702
2012-06-08 09:53:26,773 [qtp166253792-54] INFO  [com.feature.resources.server.resources.GraphicResource] - 4fd055e097acc13bf88f76fa
2012-06-08 09:53:26,799 [qtp166253792-57] ERROR [com.feature.resources.server.service.impl.GraphicServiceImpl] - Thumbnail image error!
javax.imageio.IIOException: Unsupported Image Type
	at com.sun.imageio.plugins.jpeg.JPEGImageReader.readInternal(JPEGImageReader.java:995)
	at com.sun.imageio.plugins.jpeg.JPEGImageReader.read(JPEGImageReader.java:966)
	at javax.imageio.ImageReader.read(ImageReader.java:940)
	at net.coobird.thumbnailator.tasks.io.InputStreamImageSource.read(Unknown Source)
	at net.coobird.thumbnailator.tasks.SourceSinkThumbnailTask.read(Unknown Source)
	at net.coobird.thumbnailator.Thumbnailator.createThumbnail(Unknown Source)
	at net.coobird.thumbnailator.Thumbnails$Builder.toOutputStream(Unknown Source)
	at com.feature.resources.server.service.impl.GraphicServiceImpl.writeThumbnailStreamIntoDisplay(GraphicServiceImpl.java:78)
	at com.feature.resources.server.service.impl.GraphicServiceImpl.displayThumbnailImage(GraphicServiceImpl.java:96)
	at com.feature.resources.server.resources.GraphicResource$1.write(GraphicResource.java:44)
	at com.sun.jersey.core.impl.provider.entity.StreamingOutputProvider.writeTo(StreamingOutputProvider.java:71)
	at com.sun.jersey.core.impl.provider.entity.StreamingOutputProvider.writeTo(StreamingOutputProvider.java:57)
	at com.sun.jersey.spi.container.ContainerResponse.write(ContainerResponse.java:306)
	at com.sun.jersey.server.impl.application.WebApplicationImpl._handleRequest(WebApplicationImpl.java:1451)
	at com.sun.jersey.server.impl.application.WebApplicationImpl.handleRequest(WebApplicationImpl.java:1363)
	at com.sun.jersey.server.impl.application.WebApplicationImpl.handleRequest(WebApplicationImpl.java:1353)
	at com.sun.jersey.spi.container.servlet.WebComponent.service(WebComponent.java:414)
	at com.sun.jersey.spi.container.servlet.ServletContainer.service(ServletContainer.java:537)
	at com.sun.jersey.spi.container.servlet.ServletContainer.service(ServletContainer.java:708)
	at javax.servlet.http.HttpServlet.service(HttpServlet.java:848)
	at com.google.inject.servlet.ServletDefinition.doService(ServletDefinition.java:263)
	at com.google.inject.servlet.ServletDefinition.service(ServletDefinition.java:178)
	at com.google.inject.servlet.ManagedServletPipeline.service(ManagedServletPipeline.java:91)
	at com.google.inject.servlet.FilterChainInvocation.doFilter(FilterChainInvocation.java:62)
	at com.google.inject.servlet.ManagedFilterPipeline.dispatch(ManagedFilterPipeline.java:118)
	at com.google.inject.servlet.GuiceFilter.doFilter(GuiceFilter.java:113)
	at org.eclipse.jetty.servlet.ServletHandler$CachedChain.doFilter(ServletHandler.java:1347)
	at com.opensymphony.sitemesh.webapp.SiteMeshFilter.obtainContent(SiteMeshFilter.java:129)
	at com.opensymphony.sitemesh.webapp.SiteMeshFilter.doFilter(SiteMeshFilter.java:77)
	at org.eclipse.jetty.servlet.ServletHandler$CachedChain.doFilter(ServletHandler.java:1338)
	at org.eclipse.jetty.servlet.ServletHandler.doHandle(ServletHandler.java:484)
	at org.eclipse.jetty.server.handler.ScopedHandler.handle(ScopedHandler.java:119)
	at org.eclipse.jetty.security.SecurityHandler.handle(SecurityHandler.java:524)
	at org.eclipse.jetty.server.session.SessionHandler.doHandle(SessionHandler.java:233)
	at org.eclipse.jetty.server.handler.ContextHandler.__doHandle(ContextHandler.java:1065)
	at org.eclipse.jetty.server.handler.ContextHandler.doHandle(ContextHandler.java)
	at org.eclipse.jetty.servlet.ServletHandler.doScope(ServletHandler.java:413)
	at org.eclipse.jetty.server.session.SessionHandler.doScope(SessionHandler.java:192)
	at org.eclipse.jetty.server.handler.ContextHandler.doScope(ContextHandler.java:999)
	at org.eclipse.jetty.server.handler.ScopedHandler.handle(ScopedHandler.java:117)
	at org.eclipse.jetty.server.handler.ContextHandlerCollection.handle(ContextHandlerCollection.java:250)
	at org.eclipse.jetty.server.handler.HandlerCollection.handle(HandlerCollection.java:149)
	at org.eclipse.jetty.server.handler.HandlerWrapper.handle(HandlerWrapper.java:111)
	at org.eclipse.jetty.server.Server.handle(Server.java:350)
	at org.eclipse.jetty.server.AbstractHttpConnection.handleRequest(AbstractHttpConnection.java:454)
	at org.eclipse.jetty.server.AbstractHttpConnection.headerComplete(AbstractHttpConnection.java:890)
	at org.eclipse.jetty.server.AbstractHttpConnection$RequestHandler.headerComplete(AbstractHttpConnection.java:944)
	at org.eclipse.jetty.http.HttpParser.parseNext(HttpParser.java:630)
	at org.eclipse.jetty.http.HttpParser.parseAvailable(HttpParser.java:230)
	at org.eclipse.jetty.server.AsyncHttpConnection.handle(AsyncHttpConnection.java:77)
	at org.eclipse.jetty.io.nio.SelectChannelEndPoint.handle(SelectChannelEndPoint.java:606)
	at org.eclipse.jetty.io.nio.SelectChannelEndPoint$1.run(SelectChannelEndPoint.java:46)
	at org.eclipse.jetty.util.thread.QueuedThreadPool.runJob(QueuedThreadPool.java:603)
	at org.eclipse.jetty.util.thread.QueuedThreadPool$3.run(QueuedThreadPool.java:538)
	at java.lang.Thread.run(Thread.java:722)
2012-06-08 09:53:26,872 [qtp166253792-54] INFO  [com.feature.resources.server.resources.GraphicResource] - 4fd051f497acc13bf88f76e8
2012-06-08 09:53:26,801 [qtp166253792-56] INFO  [com.feature.resources.server.resources.GraphicResource] - 4fd07e7797acc13bf88f7706
2012-06-08 09:53:26,894 [qtp166253792-58] INFO  [com.feature.resources.server.resources.GraphicResource] - 4fd051f497acc13bf88f76e0
2012-06-08 09:53:26,851 [qtp166253792-63] INFO  [com.feature.resources.server.resources.GraphicResource] - 4fd051f497acc13bf88f76f0
2012-06-08 09:53:26,924 [qtp166253792-56] INFO  [com.feature.resources.server.resources.GraphicResource] - 4fd051f497acc13bf88f76dc
2012-06-08 09:53:26,825 [qtp166253792-55] INFO  [com.feature.resources.server.resources.GraphicResource] - 4fd051f497acc13bf88f76f1
2012-06-08 09:53:26,964 [qtp166253792-59] INFO  [com.feature.resources.server.resources.GraphicResource] - 4fd051f497acc13bf88f76db
2012-06-08 09:53:26,974 [qtp166253792-56] INFO  [com.feature.resources.server.resources.GraphicResource] - 4fd051f497acc13bf88f76da
2012-06-08 09:53:26,981 [qtp166253792-63] INFO  [com.feature.resources.server.resources.GraphicResource] - 4fd051f497acc13bf88f76d0
2012-06-08 09:53:27,014 [qtp166253792-58] INFO  [com.feature.resources.server.resources.GraphicResource] - 4fd051f397acc13bf88f76c9
2012-06-08 09:53:27,015 [qtp166253792-63] INFO  [com.feature.resources.server.resources.GraphicResource] - 4fd051f497acc13bf88f76cf
2012-06-08 09:53:27,027 [qtp166253792-54] INFO  [com.feature.resources.server.resources.GraphicResource] - 4fd051f397acc13bf88f76c4
2012-06-08 09:53:27,041 [qtp166253792-55] INFO  [com.feature.resources.server.resources.GraphicResource] - 4fd051f397acc13bf88f76c0
2012-06-08 09:53:27,046 [qtp166253792-56] INFO  [com.feature.resources.server.resources.GraphicResource] - 4fd051f397acc13bf88f76bf
2012-06-08 09:53:27,091 [qtp166253792-59] INFO  [com.feature.resources.server.resources.GraphicResource] - 4fd051f397acc13bf88f76be
2012-06-08 09:53:27,115 [qtp166253792-57] INFO  [com.feature.resources.server.resources.GraphicResource] - 4fd051f397acc13bf88f76b9
2012-06-08 09:53:27,119 [qtp166253792-54] INFO  [com.feature.resources.server.resources.GraphicResource] - 4fd051f397acc13bf88f76b2
2012-06-08 09:53:27,131 [qtp166253792-59] INFO  [com.feature.resources.server.resources.GraphicResource] - 4fd051f397acc13bf88f76b1
2012-06-08 09:53:27,131 [qtp166253792-56] INFO  [com.feature.resources.server.resources.GraphicResource] - 4fd051f397acc13bf88f76a4
2012-06-08 09:53:27,148 [qtp166253792-63] INFO  [com.feature.resources.server.resources.GraphicResource] - 4fd051f397acc13bf88f76a9
2012-06-08 09:53:27,152 [qtp166253792-55] INFO  [com.feature.resources.server.resources.GraphicResource] - 4fd051f397acc13bf88f76a0
2012-06-08 09:53:27,159 [qtp166253792-58] INFO  [com.feature.resources.server.resources.GraphicResource] - 4fd051f397acc13bf88f769d
2012-06-08 09:53:27,184 [qtp166253792-56] INFO  [com.feature.resources.server.resources.GraphicResource] - 4fd051f397acc13bf88f7698
2012-06-08 09:53:27,195 [qtp166253792-57] INFO  [com.feature.resources.server.resources.GraphicResource] - 4fd051f397acc13bf88f7695
2012-06-08 09:53:27,196 [qtp166253792-63] INFO  [com.feature.resources.server.resources.GraphicResource] - 4fd051f397acc13bf88f7694
2012-06-08 09:53:27,232 [qtp166253792-56] INFO  [com.feature.resources.server.resources.GraphicResource] - 4fd051f397acc13bf88f768c
2012-06-08 09:53:27,254 [qtp166253792-54] INFO  [com.feature.resources.server.resources.GraphicResource] - 4fd051f397acc13bf88f7688
2012-06-08 09:53:27,303 [qtp166253792-57] INFO  [com.feature.resources.server.resources.GraphicResource] - 4fd051f397acc13bf88f7687
2012-06-08 09:53:27,312 [qtp166253792-55] INFO  [com.feature.resources.server.resources.GraphicResource] - 4fd051f397acc13bf88f7686
2012-06-08 09:53:27,314 [qtp166253792-59] INFO  [com.feature.resources.server.resources.GraphicResource] - 4fd051f397acc13bf88f767f
2012-06-08 09:53:27,355 [qtp166253792-63] INFO  [com.feature.resources.server.resources.GraphicResource] - 4fd051f397acc13bf88f767e
2012-06-08 09:53:27,384 [qtp166253792-57] INFO  [com.feature.resources.server.resources.GraphicResource] - 4fd051f397acc13bf88f767d
2012-06-08 09:53:27,384 [qtp166253792-54] INFO  [com.feature.resources.server.resources.GraphicResource] - 4fd047e497acbf88ae05a8dd
2012-06-08 09:53:27,409 [qtp166253792-59] INFO  [com.feature.resources.server.resources.GraphicResource] - 4fd047ab97acbf88ae05a8d9
2012-06-08 09:53:27,416 [qtp166253792-58] INFO  [com.feature.resources.server.resources.GraphicResource] - 4fd0476c97acbf88ae05a8d5
2012-06-08 09:53:27,430 [qtp166253792-56] INFO  [com.feature.resources.server.resources.GraphicResource] - 4fd045e897acbf88ae05a8d0
2012-06-08 09:53:27,442 [qtp166253792-55] INFO  [com.feature.resources.server.resources.GraphicResource] - 4fd045e897acbf88ae05a8d1
2012-06-08 09:53:27,478 [qtp166253792-57] INFO  [com.feature.resources.server.resources.GraphicResource] - 4fd045e897acbf88ae05a8c9
2012-06-08 09:53:27,493 [qtp166253792-59] INFO  [com.feature.resources.server.resources.GraphicResource] - 4fd045e897acbf88ae05a8c6
2012-06-08 09:53:27,519 [qtp166253792-55] INFO  [com.feature.resources.server.resources.GraphicResource] - 4fd045e897acbf88ae05a8c4
2012-06-08 09:53:27,531 [qtp166253792-58] INFO  [com.feature.resources.server.resources.GraphicResource] - 4fd045e897acbf88ae05a8c3
2012-06-08 09:53:27,533 [qtp166253792-57] INFO  [com.feature.resources.server.resources.GraphicResource] - 4fd045e897acbf88ae05a8c0
2012-06-08 09:53:27,567 [qtp166253792-57] INFO  [com.feature.resources.server.resources.GraphicResource] - 4fd045e897acbf88ae05a8b9
2012-06-08 09:53:27,577 [qtp166253792-63] INFO  [com.feature.resources.server.resources.GraphicResource] - 4fd045e897acbf88ae05a8b8
2012-06-08 09:53:27,579 [qtp166253792-59] INFO  [com.feature.resources.server.resources.GraphicResource] - 4fd03fea97acbf88ae05a8ad
2012-06-08 09:53:27,614 [qtp166253792-56] INFO  [com.feature.resources.server.resources.GraphicResource] - 4fd03fea97acbf88ae05a8a9
2012-06-08 09:53:27,619 [qtp166253792-58] INFO  [com.feature.resources.server.resources.GraphicResource] - 4fd03fea97acbf88ae05a8a6
2012-06-08 09:53:27,626 [qtp166253792-55] INFO  [com.feature.resources.server.resources.GraphicResource] - 4fd03fea97acbf88ae05a8a5
2012-06-08 09:53:27,631 [qtp166253792-56] INFO  [com.feature.resources.server.resources.GraphicResource] - 4fd03fea97acbf88ae05a8a0
2012-06-08 09:53:27,642 [qtp166253792-57] INFO  [com.feature.resources.server.resources.GraphicResource] - 4fd03fea97acbf88ae05a8a1
2012-06-08 09:53:27,642 [qtp166253792-59] INFO  [com.feature.resources.server.resources.GraphicResource] - 4fd03fea97acbf88ae05a897
2012-06-08 09:53:27,644 [qtp166253792-58] INFO  [com.feature.resources.server.resources.GraphicResource] - 4fd03fea97acbf88ae05a896
2012-06-08 09:53:27,650 [qtp166253792-63] INFO  [com.feature.resources.server.resources.GraphicResource] - 4fd03fea97acbf88ae05a88d
2012-06-08 09:53:27,653 [qtp166253792-56] INFO  [com.feature.resources.server.resources.GraphicResource] - 4fd03fea97acbf88ae05a889
2012-06-08 09:53:27,661 [qtp166253792-54] INFO  [com.feature.resources.server.resources.GraphicResource] - 4fd03fea97acbf88ae05a885
2012-06-08 09:53:27,667 [qtp166253792-58] INFO  [com.feature.resources.server.resources.GraphicResource] - 4fd03fea97acbf88ae05a886
2012-06-08 09:53:27,677 [qtp166253792-59] INFO  [com.feature.resources.server.resources.GraphicResource] - 4fd03fea97acbf88ae05a880
2012-06-08 09:53:27,679 [qtp166253792-63] INFO  [com.feature.resources.server.resources.GraphicResource] - 4fd03fea97acbf88ae05a87f
2012-06-08 09:53:27,681 [qtp166253792-57] INFO  [com.feature.resources.server.resources.GraphicResource] - 4fd03fea97acbf88ae05a877
2012-06-08 09:53:27,685 [qtp166253792-56] INFO  [com.feature.resources.server.resources.GraphicResource] - 4fd03fea97acbf88ae05a871
2012-06-08 09:53:27,697 [qtp166253792-55] INFO  [com.feature.resources.server.resources.GraphicResource] - 4fd03fea97acbf88ae05a86c
2012-06-08 09:53:27,703 [qtp166253792-58] INFO  [com.feature.resources.server.resources.GraphicResource] - 4fd03fea97acbf88ae05a86d
2012-06-08 09:53:27,705 [qtp166253792-56] INFO  [com.feature.resources.server.resources.GraphicResource] - 4fd03fea97acbf88ae05a86e
2012-06-08 09:53:27,705 [qtp166253792-63] INFO  [com.feature.resources.server.resources.GraphicResource] - 4fd03fea97acbf88ae05a861
2012-06-08 09:53:27,706 [qtp166253792-57] INFO  [com.feature.resources.server.resources.GraphicResource] - 4fd03fea97acbf88ae05a860
2012-06-08 09:53:27,718 [qtp166253792-59] INFO  [com.feature.resources.server.resources.GraphicResource] - 4fd03fea97acbf88ae05a85b
2012-06-08 09:53:27,722 [qtp166253792-56] INFO  [com.feature.resources.server.resources.GraphicResource] - 4fd03fea97acbf88ae05a859
2012-06-08 09:53:27,729 [qtp166253792-55] INFO  [com.feature.resources.server.resources.GraphicResource] - 4fd03fe997acbf88ae05a849
2012-06-08 09:53:27,729 [qtp166253792-54] INFO  [com.feature.resources.server.resources.GraphicResource] - 4fd03fea97acbf88ae05a851
2012-06-08 09:53:27,729 [qtp166253792-57] INFO  [com.feature.resources.server.resources.GraphicResource] - 4fd03fe997acbf88ae05a84d
2012-06-08 09:53:27,739 [qtp166253792-58] INFO  [com.feature.resources.server.resources.GraphicResource] - 4fd03fe997acbf88ae05a84a
2012-06-08 09:53:27,744 [qtp166253792-63] INFO  [com.feature.resources.server.resources.GraphicResource] - 4fd03fe997acbf88ae05a843
2012-06-08 09:53:27,755 [qtp166253792-56] INFO  [com.feature.resources.server.resources.GraphicResource] - 4fd03fe997acbf88ae05a840
2012-06-08 09:53:27,764 [qtp166253792-57] INFO  [com.feature.resources.server.resources.GraphicResource] - 4fd03fe997acbf88ae05a83b
2012-06-08 09:53:27,770 [qtp166253792-59] INFO  [com.feature.resources.server.resources.GraphicResource] - 4fd03af297acbf88ae05a835
2012-06-08 09:53:27,775 [qtp166253792-55] INFO  [com.feature.resources.server.resources.GraphicResource] - 4fcddb5697acf6d5b48b4f46
2012-06-08 09:53:27,775 [qtp166253792-56] INFO  [com.feature.resources.server.resources.GraphicResource] - 4fcddb5697acf6d5b48b4f42
2012-06-08 09:53:27,780 [qtp166253792-63] INFO  [com.feature.resources.server.resources.GraphicResource] - 4fcddb5697acf6d5b48b4f3a
2012-06-08 09:53:27,782 [qtp166253792-54] INFO  [com.feature.resources.server.resources.GraphicResource] - 4fcddb5697acf6d5b48b4f41
2012-06-08 09:53:27,833 [qtp166253792-57] INFO  [com.feature.resources.server.resources.GraphicResource] - 4fcddb5697acf6d5b48b4f36
2012-06-08 09:53:27,843 [qtp166253792-58] INFO  [com.feature.resources.server.resources.GraphicResource] - 4fcddb5697acf6d5b48b4f35
2012-06-08 09:53:27,848 [qtp166253792-56] INFO  [com.feature.resources.server.resources.GraphicResource] - 4fcddb5697acf6d5b48b4f34
2012-06-08 09:53:27,878 [qtp166253792-59] INFO  [com.feature.resources.server.resources.GraphicResource] - 4fcddb5697acf6d5b48b4f33
2012-06-08 09:53:27,897 [qtp166253792-58] INFO  [com.feature.resources.server.resources.GraphicResource] - 4fcddb5697acf6d5b48b4f26
2012-06-08 09:53:27,902 [qtp166253792-54] INFO  [com.feature.resources.server.resources.GraphicResource] - 4fcdd80597ac005df11bb714
2012-06-08 09:53:27,908 [qtp166253792-56] INFO  [com.feature.resources.server.resources.GraphicResource] - 4fcdb21597ac005df11bb703
2012-06-08 09:53:27,917 [qtp166253792-55] INFO  [com.feature.resources.server.resources.GraphicResource] - 4fcdb21597ac005df11bb704
2012-06-08 09:53:27,968 [qtp166253792-63] INFO  [com.feature.resources.server.resources.GraphicResource] - 4fcdb21597ac005df11bb702
2012-06-08 09:53:27,986 [qtp166253792-57] INFO  [com.feature.resources.server.resources.GraphicResource] - 4fcdb21597ac005df11bb701
2012-06-08 09:53:28,011 [qtp166253792-56] INFO  [com.feature.resources.server.resources.GraphicResource] - 4fcdb21597ac005df11bb700
2012-06-08 09:53:37,182 [qtp166253792-57] INFO  [com.feature.resources.server.config.bootstrap.TestFilter] - Test filter
2012-06-08 09:53:37,185 [qtp166253792-56] INFO  [com.feature.resources.server.config.bootstrap.TestFilter] - Test filter
2012-06-08 09:53:37,189 [qtp166253792-56] INFO  [com.feature.resources.server.config.bootstrap.TestFilter] - Test filter
2012-06-08 09:53:37,193 [qtp166253792-56] INFO  [com.feature.resources.server.config.bootstrap.TestFilter] - Test filter
2012-06-08 09:53:37,193 [qtp166253792-57] INFO  [com.feature.resources.server.config.bootstrap.TestFilter] - Test filter
2012-06-08 09:53:37,197 [qtp166253792-56] INFO  [com.feature.resources.server.config.bootstrap.TestFilter] - Test filter
2012-06-08 09:53:37,199 [qtp166253792-59] INFO  [com.feature.resources.server.config.bootstrap.TestFilter] - Test filter
2012-06-08 09:53:38,184 [qtp166253792-55] INFO  [com.feature.resources.server.config.bootstrap.TestFilter] - Test filter
2012-06-08 09:54:16,489 [qtp166253792-63] INFO  [com.feature.resources.server.config.bootstrap.TestFilter] - Test filter
2012-06-08 09:54:16,492 [qtp166253792-63] INFO  [com.feature.resources.server.config.bootstrap.TestFilter] - Test filter
2012-06-08 09:54:16,493 [qtp166253792-55] INFO  [com.feature.resources.server.config.bootstrap.TestFilter] - Test filter
2012-06-08 09:54:16,493 [qtp166253792-59] INFO  [com.feature.resources.server.config.bootstrap.TestFilter] - Test filter
2012-06-08 09:54:16,495 [qtp166253792-57] INFO  [com.feature.resources.server.config.bootstrap.TestFilter] - Test filter
2012-06-08 09:54:16,496 [qtp166253792-59] INFO  [com.feature.resources.server.config.bootstrap.TestFilter] - Test filter
2012-06-08 09:54:16,497 [qtp166253792-57] INFO  [com.feature.resources.server.config.bootstrap.TestFilter] - Test filter
2012-06-08 09:54:16,498 [qtp166253792-59] INFO  [com.feature.resources.server.config.bootstrap.TestFilter] - Test filter
2012-06-08 09:54:16,500 [qtp166253792-58] INFO  [com.feature.resources.server.config.bootstrap.TestFilter] - Test filter
2012-06-08 09:54:16,501 [qtp166253792-54] INFO  [com.feature.resources.server.config.bootstrap.TestFilter] - Test filter
2012-06-08 09:54:16,500 [qtp166253792-63] INFO  [com.feature.resources.server.config.bootstrap.TestFilter] - Test filter
2012-06-08 09:54:16,501 [qtp166253792-57] INFO  [com.feature.resources.server.config.bootstrap.TestFilter] - Test filter
2012-06-08 09:54:16,787 [qtp166253792-54] INFO  [com.feature.resources.server.resources.GraphicResource] - 4fd07e7797acc13bf88f7706
2012-06-08 09:54:16,788 [qtp166253792-59] INFO  [com.feature.resources.server.resources.GraphicResource] - 4fd0781f97acc13bf88f76fe
2012-06-08 09:54:16,787 [qtp166253792-55] INFO  [com.feature.resources.server.resources.GraphicResource] - 4fd051f497acc13bf88f76f6
2012-06-08 09:54:16,790 [qtp166253792-58] INFO  [com.feature.resources.server.resources.GraphicResource] - 4fd051f497acc13bf88f76f5
2012-06-08 09:54:16,792 [qtp166253792-63] INFO  [com.feature.resources.server.resources.GraphicResource] - 4fd07a4197acc13bf88f7702
2012-06-08 09:54:16,792 [qtp166253792-57] INFO  [com.feature.resources.server.resources.GraphicResource] - 4fd055e097acc13bf88f76fa
2012-06-08 09:54:16,912 [qtp166253792-58] ERROR [com.feature.resources.server.service.impl.GraphicServiceImpl] - Thumbnail image error!
javax.imageio.IIOException: Unsupported Image Type
	at com.sun.imageio.plugins.jpeg.JPEGImageReader.readInternal(JPEGImageReader.java:995)
	at com.sun.imageio.plugins.jpeg.JPEGImageReader.read(JPEGImageReader.java:966)
	at javax.imageio.ImageReader.read(ImageReader.java:940)
	at net.coobird.thumbnailator.tasks.io.InputStreamImageSource.read(Unknown Source)
	at net.coobird.thumbnailator.tasks.SourceSinkThumbnailTask.read(Unknown Source)
	at net.coobird.thumbnailator.Thumbnailator.createThumbnail(Unknown Source)
	at net.coobird.thumbnailator.Thumbnails$Builder.toOutputStream(Unknown Source)
	at com.feature.resources.server.service.impl.GraphicServiceImpl.writeThumbnailStreamIntoDisplay(GraphicServiceImpl.java:78)
	at com.feature.resources.server.service.impl.GraphicServiceImpl.displayThumbnailImage(GraphicServiceImpl.java:96)
	at com.feature.resources.server.resources.GraphicResource$1.write(GraphicResource.java:44)
	at com.sun.jersey.core.impl.provider.entity.StreamingOutputProvider.writeTo(StreamingOutputProvider.java:71)
	at com.sun.jersey.core.impl.provider.entity.StreamingOutputProvider.writeTo(StreamingOutputProvider.java:57)
	at com.sun.jersey.spi.container.ContainerResponse.write(ContainerResponse.java:306)
	at com.sun.jersey.server.impl.application.WebApplicationImpl._handleRequest(WebApplicationImpl.java:1451)
	at com.sun.jersey.server.impl.application.WebApplicationImpl.handleRequest(WebApplicationImpl.java:1363)
	at com.sun.jersey.server.impl.application.WebApplicationImpl.handleRequest(WebApplicationImpl.java:1353)
	at com.sun.jersey.spi.container.servlet.WebComponent.service(WebComponent.java:414)
	at com.sun.jersey.spi.container.servlet.ServletContainer.service(ServletContainer.java:537)
	at com.sun.jersey.spi.container.servlet.ServletContainer.service(ServletContainer.java:708)
	at javax.servlet.http.HttpServlet.service(HttpServlet.java:848)
	at com.google.inject.servlet.ServletDefinition.doService(ServletDefinition.java:263)
	at com.google.inject.servlet.ServletDefinition.service(ServletDefinition.java:178)
	at com.google.inject.servlet.ManagedServletPipeline.service(ManagedServletPipeline.java:91)
	at com.google.inject.servlet.FilterChainInvocation.doFilter(FilterChainInvocation.java:62)
	at com.google.inject.servlet.ManagedFilterPipeline.dispatch(ManagedFilterPipeline.java:118)
	at com.google.inject.servlet.GuiceFilter.doFilter(GuiceFilter.java:113)
	at org.eclipse.jetty.servlet.ServletHandler$CachedChain.doFilter(ServletHandler.java:1347)
	at com.opensymphony.sitemesh.webapp.SiteMeshFilter.obtainContent(SiteMeshFilter.java:129)
	at com.opensymphony.sitemesh.webapp.SiteMeshFilter.doFilter(SiteMeshFilter.java:77)
	at org.eclipse.jetty.servlet.ServletHandler$CachedChain.doFilter(ServletHandler.java:1338)
	at org.eclipse.jetty.servlet.ServletHandler.doHandle(ServletHandler.java:484)
	at org.eclipse.jetty.server.handler.ScopedHandler.handle(ScopedHandler.java:119)
	at org.eclipse.jetty.security.SecurityHandler.handle(SecurityHandler.java:524)
	at org.eclipse.jetty.server.session.SessionHandler.doHandle(SessionHandler.java:233)
	at org.eclipse.jetty.server.handler.ContextHandler.__doHandle(ContextHandler.java:1065)
	at org.eclipse.jetty.server.handler.ContextHandler.doHandle(ContextHandler.java)
	at org.eclipse.jetty.servlet.ServletHandler.doScope(ServletHandler.java:413)
	at org.eclipse.jetty.server.session.SessionHandler.doScope(SessionHandler.java:192)
	at org.eclipse.jetty.server.handler.ContextHandler.doScope(ContextHandler.java:999)
	at org.eclipse.jetty.server.handler.ScopedHandler.handle(ScopedHandler.java:117)
	at org.eclipse.jetty.server.handler.ContextHandlerCollection.handle(ContextHandlerCollection.java:250)
	at org.eclipse.jetty.server.handler.HandlerCollection.handle(HandlerCollection.java:149)
	at org.eclipse.jetty.server.handler.HandlerWrapper.handle(HandlerWrapper.java:111)
	at org.eclipse.jetty.server.Server.handle(Server.java:350)
	at org.eclipse.jetty.server.AbstractHttpConnection.handleRequest(AbstractHttpConnection.java:454)
	at org.eclipse.jetty.server.AbstractHttpConnection.headerComplete(AbstractHttpConnection.java:890)
	at org.eclipse.jetty.server.AbstractHttpConnection$RequestHandler.headerComplete(AbstractHttpConnection.java:944)
	at org.eclipse.jetty.http.HttpParser.parseNext(HttpParser.java:630)
	at org.eclipse.jetty.http.HttpParser.parseAvailable(HttpParser.java:230)
	at org.eclipse.jetty.server.AsyncHttpConnection.handle(AsyncHttpConnection.java:77)
	at org.eclipse.jetty.io.nio.SelectChannelEndPoint.handle(SelectChannelEndPoint.java:606)
	at org.eclipse.jetty.io.nio.SelectChannelEndPoint$1.run(SelectChannelEndPoint.java:46)
	at org.eclipse.jetty.util.thread.QueuedThreadPool.runJob(QueuedThreadPool.java:603)
	at org.eclipse.jetty.util.thread.QueuedThreadPool$3.run(QueuedThreadPool.java:538)
	at java.lang.Thread.run(Thread.java:722)
2012-06-08 09:54:16,915 [qtp166253792-63] INFO  [com.feature.resources.server.resources.GraphicResource] - 4fd051f497acc13bf88f76f1
2012-06-08 09:54:16,949 [qtp166253792-55] INFO  [com.feature.resources.server.resources.GraphicResource] - 4fd051f497acc13bf88f76e8
2012-06-08 09:54:16,922 [qtp166253792-59] INFO  [com.feature.resources.server.resources.GraphicResource] - 4fd051f497acc13bf88f76f0
2012-06-08 09:54:16,916 [qtp166253792-54] INFO  [com.feature.resources.server.resources.GraphicResource] - 4fd051f497acc13bf88f76e0
2012-06-08 09:54:16,988 [qtp166253792-63] INFO  [com.feature.resources.server.resources.GraphicResource] - 4fd051f497acc13bf88f76dc
2012-06-08 09:54:17,032 [qtp166253792-54] INFO  [com.feature.resources.server.resources.GraphicResource] - 4fd051f497acc13bf88f76da
2012-06-08 09:54:17,048 [qtp166253792-63] INFO  [com.feature.resources.server.resources.GraphicResource] - 4fd051f497acc13bf88f76d0
2012-06-08 09:54:17,071 [qtp166253792-55] INFO  [com.feature.resources.server.resources.GraphicResource] - 4fd051f497acc13bf88f76db
2012-06-08 09:54:17,121 [qtp166253792-59] INFO  [com.feature.resources.server.resources.GraphicResource] - 4fd051f497acc13bf88f76cf
2012-06-08 09:54:17,124 [qtp166253792-54] INFO  [com.feature.resources.server.resources.GraphicResource] - 4fd051f397acc13bf88f76c9
2012-06-08 09:54:17,128 [qtp166253792-55] INFO  [com.feature.resources.server.resources.GraphicResource] - 4fd051f397acc13bf88f76c4
2012-06-08 09:54:17,139 [qtp166253792-63] INFO  [com.feature.resources.server.resources.GraphicResource] - 4fd051f397acc13bf88f76c0
2012-06-08 09:54:17,180 [qtp166253792-55] INFO  [com.feature.resources.server.resources.GraphicResource] - 4fd051f397acc13bf88f76bf
2012-06-08 09:54:17,191 [qtp166253792-63] INFO  [com.feature.resources.server.resources.GraphicResource] - 4fd051f397acc13bf88f76be
2012-06-08 09:54:17,250 [qtp166253792-58] INFO  [com.feature.resources.server.resources.GraphicResource] - 4fd051f397acc13bf88f76b2
2012-06-08 09:54:17,251 [qtp166253792-63] INFO  [com.feature.resources.server.resources.GraphicResource] - 4fd051f397acc13bf88f76b9
2012-06-08 09:54:17,264 [qtp166253792-54] INFO  [com.feature.resources.server.resources.GraphicResource] - 4fd051f397acc13bf88f76a9
2012-06-08 09:54:17,271 [qtp166253792-59] INFO  [com.feature.resources.server.resources.GraphicResource] - 4fd051f397acc13bf88f76b1
2012-06-08 09:54:17,276 [qtp166253792-57] INFO  [com.feature.resources.server.resources.GraphicResource] - 4fd051f397acc13bf88f76a4
2012-06-08 09:54:17,281 [qtp166253792-55] INFO  [com.feature.resources.server.resources.GraphicResource] - 4fd051f397acc13bf88f76a0
2012-06-08 09:54:17,296 [qtp166253792-63] INFO  [com.feature.resources.server.resources.GraphicResource] - 4fd051f397acc13bf88f769d
2012-06-08 09:54:17,313 [qtp166253792-64] INFO  [com.feature.resources.server.resources.GraphicResource] - 4fd051f397acc13bf88f7698
2012-06-08 09:54:17,317 [qtp166253792-59] INFO  [com.feature.resources.server.resources.GraphicResource] - 4fd051f397acc13bf88f7695
2012-06-08 09:54:17,343 [qtp166253792-54] INFO  [com.feature.resources.server.resources.GraphicResource] - 4fd051f397acc13bf88f768c
2012-06-08 09:54:17,345 [qtp166253792-57] INFO  [com.feature.resources.server.resources.GraphicResource] - 4fd051f397acc13bf88f7694
2012-06-08 09:54:17,356 [qtp166253792-58] INFO  [com.feature.resources.server.resources.GraphicResource] - 4fd051f397acc13bf88f7688
2012-06-08 09:54:17,381 [qtp166253792-63] INFO  [com.feature.resources.server.resources.GraphicResource] - 4fd051f397acc13bf88f7687
2012-06-08 09:54:17,388 [qtp166253792-64] INFO  [com.feature.resources.server.resources.GraphicResource] - 4fd051f397acc13bf88f7686
2012-06-08 09:54:17,422 [qtp166253792-55] INFO  [com.feature.resources.server.resources.GraphicResource] - 4fd051f397acc13bf88f767d
2012-06-08 09:54:17,440 [qtp166253792-64] INFO  [com.feature.resources.server.resources.GraphicResource] - 4fd051f397acc13bf88f767e
2012-06-08 09:54:17,448 [qtp166253792-57] INFO  [com.feature.resources.server.resources.GraphicResource] - 4fd051f397acc13bf88f767f
2012-06-08 09:54:17,474 [qtp166253792-63] INFO  [com.feature.resources.server.resources.GraphicResource] - 4fd047e497acbf88ae05a8dd
2012-06-08 09:54:17,499 [qtp166253792-58] INFO  [com.feature.resources.server.resources.GraphicResource] - 4fd047ab97acbf88ae05a8d9
2012-06-08 09:54:17,531 [qtp166253792-64] INFO  [com.feature.resources.server.resources.GraphicResource] - 4fd0476c97acbf88ae05a8d5
2012-06-08 09:54:17,533 [qtp166253792-59] INFO  [com.feature.resources.server.resources.GraphicResource] - 4fd045e897acbf88ae05a8d1
2012-06-08 09:54:17,587 [qtp166253792-57] INFO  [com.feature.resources.server.resources.GraphicResource] - 4fd045e897acbf88ae05a8c9
2012-06-08 09:54:17,587 [qtp166253792-58] INFO  [com.feature.resources.server.resources.GraphicResource] - 4fd045e897acbf88ae05a8d0
2012-06-08 09:54:17,609 [qtp166253792-64] INFO  [com.feature.resources.server.resources.GraphicResource] - 4fd045e897acbf88ae05a8c6
2012-06-08 09:54:17,611 [qtp166253792-55] INFO  [com.feature.resources.server.resources.GraphicResource] - 4fd045e897acbf88ae05a8c4
2012-06-08 09:54:17,622 [qtp166253792-57] INFO  [com.feature.resources.server.resources.GraphicResource] - 4fd045e897acbf88ae05a8c3
2012-06-08 09:54:17,631 [qtp166253792-63] INFO  [com.feature.resources.server.resources.GraphicResource] - 4fd045e897acbf88ae05a8c0
2012-06-08 09:54:17,650 [qtp166253792-59] INFO  [com.feature.resources.server.resources.GraphicResource] - 4fd045e897acbf88ae05a8b9
2012-06-08 09:54:17,665 [qtp166253792-58] INFO  [com.feature.resources.server.resources.GraphicResource] - 4fd045e897acbf88ae05a8b8
2012-06-08 09:54:17,676 [qtp166253792-57] INFO  [com.feature.resources.server.resources.GraphicResource] - 4fd03fea97acbf88ae05a8ad
2012-06-08 09:54:17,724 [qtp166253792-54] INFO  [com.feature.resources.server.resources.GraphicResource] - 4fd03fea97acbf88ae05a8a9
2012-06-08 09:54:17,730 [qtp166253792-63] INFO  [com.feature.resources.server.resources.GraphicResource] - 4fd03fea97acbf88ae05a8a6
2012-06-08 09:54:17,750 [qtp166253792-58] INFO  [com.feature.resources.server.resources.GraphicResource] - 4fd03fea97acbf88ae05a8a5
2012-06-08 09:54:17,753 [qtp166253792-54] INFO  [com.feature.resources.server.resources.GraphicResource] - 4fd03fea97acbf88ae05a8a0
2012-06-08 09:54:17,757 [qtp166253792-57] INFO  [com.feature.resources.server.resources.GraphicResource] - 4fd03fea97acbf88ae05a8a1
2012-06-08 09:54:17,770 [qtp166253792-54] INFO  [com.feature.resources.server.resources.GraphicResource] - 4fd03fea97acbf88ae05a896
2012-06-08 09:54:17,773 [qtp166253792-55] INFO  [com.feature.resources.server.resources.GraphicResource] - 4fd03fea97acbf88ae05a897
2012-06-08 09:54:17,776 [qtp166253792-58] INFO  [com.feature.resources.server.resources.GraphicResource] - 4fd03fea97acbf88ae05a889
2012-06-08 09:54:17,784 [qtp166253792-63] INFO  [com.feature.resources.server.resources.GraphicResource] - 4fd03fea97acbf88ae05a885
2012-06-08 09:54:17,790 [qtp166253792-59] INFO  [com.feature.resources.server.resources.GraphicResource] - 4fd03fea97acbf88ae05a88d
2012-06-08 09:54:17,791 [qtp166253792-54] INFO  [com.feature.resources.server.resources.GraphicResource] - 4fd03fea97acbf88ae05a886
2012-06-08 09:54:17,797 [qtp166253792-57] INFO  [com.feature.resources.server.resources.GraphicResource] - 4fd03fea97acbf88ae05a880
2012-06-08 09:54:17,803 [qtp166253792-58] INFO  [com.feature.resources.server.resources.GraphicResource] - 4fd03fea97acbf88ae05a877
2012-06-08 09:54:17,816 [qtp166253792-54] INFO  [com.feature.resources.server.resources.GraphicResource] - 4fd03fea97acbf88ae05a87f
2012-06-08 09:54:17,821 [qtp166253792-55] INFO  [com.feature.resources.server.resources.GraphicResource] - 4fd03fea97acbf88ae05a871
2012-06-08 09:54:17,826 [qtp166253792-63] INFO  [com.feature.resources.server.resources.GraphicResource] - 4fd03fea97acbf88ae05a86c
2012-06-08 09:54:17,830 [qtp166253792-57] INFO  [com.feature.resources.server.resources.GraphicResource] - 4fd03fea97acbf88ae05a86e
2012-06-08 09:54:17,833 [qtp166253792-64] INFO  [com.feature.resources.server.resources.GraphicResource] - 4fd03fea97acbf88ae05a86d
2012-06-08 09:54:17,839 [qtp166253792-58] INFO  [com.feature.resources.server.resources.GraphicResource] - 4fd03fea97acbf88ae05a861
2012-06-08 09:54:17,850 [qtp166253792-54] INFO  [com.feature.resources.server.resources.GraphicResource] - 4fd03fea97acbf88ae05a860
2012-06-08 09:54:17,854 [qtp166253792-57] INFO  [com.feature.resources.server.resources.GraphicResource] - 4fd03fea97acbf88ae05a85b
2012-06-08 09:54:17,859 [qtp166253792-63] INFO  [com.feature.resources.server.resources.GraphicResource] - 4fd03fea97acbf88ae05a859
2012-06-08 09:54:17,870 [qtp166253792-59] INFO  [com.feature.resources.server.resources.GraphicResource] - 4fd03fea97acbf88ae05a851
2012-06-08 09:54:17,880 [qtp166253792-57] INFO  [com.feature.resources.server.resources.GraphicResource] - 4fd03fe997acbf88ae05a84d
2012-06-08 09:54:17,885 [qtp166253792-58] INFO  [com.feature.resources.server.resources.GraphicResource] - 4fd03fe997acbf88ae05a849
2012-06-08 09:54:17,887 [qtp166253792-63] INFO  [com.feature.resources.server.resources.GraphicResource] - 4fd03fe997acbf88ae05a84a
2012-06-08 09:54:17,903 [qtp166253792-54] INFO  [com.feature.resources.server.resources.GraphicResource] - 4fd03fe997acbf88ae05a843
2012-06-08 09:54:17,913 [qtp166253792-57] INFO  [com.feature.resources.server.resources.GraphicResource] - 4fd03fe997acbf88ae05a840
2012-06-08 09:54:17,916 [qtp166253792-63] INFO  [com.feature.resources.server.resources.GraphicResource] - 4fd03fe997acbf88ae05a83b
2012-06-08 09:54:17,937 [qtp166253792-64] INFO  [com.feature.resources.server.resources.GraphicResource] - 4fd03af297acbf88ae05a835
2012-06-08 09:54:17,944 [qtp166253792-59] INFO  [com.feature.resources.server.resources.GraphicResource] - 4fcddb5697acf6d5b48b4f46
2012-06-08 09:54:17,963 [qtp166253792-63] INFO  [com.feature.resources.server.resources.GraphicResource] - 4fcddb5697acf6d5b48b4f42
2012-06-08 09:54:17,980 [qtp166253792-57] INFO  [com.feature.resources.server.resources.GraphicResource] - 4fcddb5697acf6d5b48b4f36
2012-06-08 09:54:17,988 [qtp166253792-55] INFO  [com.feature.resources.server.resources.GraphicResource] - 4fcddb5697acf6d5b48b4f41
2012-06-08 09:54:17,997 [qtp166253792-54] INFO  [com.feature.resources.server.resources.GraphicResource] - 4fcddb5697acf6d5b48b4f3a
2012-06-08 09:54:18,018 [qtp166253792-63] INFO  [com.feature.resources.server.resources.GraphicResource] - 4fcddb5697acf6d5b48b4f35
2012-06-08 09:54:18,038 [qtp166253792-58] INFO  [com.feature.resources.server.resources.GraphicResource] - 4fcddb5697acf6d5b48b4f34
2012-06-08 09:54:18,092 [qtp166253792-59] INFO  [com.feature.resources.server.resources.GraphicResource] - 4fcddb5697acf6d5b48b4f33
2012-06-08 09:54:18,107 [qtp166253792-57] INFO  [com.feature.resources.server.resources.GraphicResource] - 4fcdd80597ac005df11bb714
2012-06-08 09:54:18,108 [qtp166253792-63] INFO  [com.feature.resources.server.resources.GraphicResource] - 4fcdb21597ac005df11bb704
2012-06-08 09:54:18,110 [qtp166253792-64] INFO  [com.feature.resources.server.resources.GraphicResource] - 4fcddb5697acf6d5b48b4f26
2012-06-08 09:54:18,133 [qtp166253792-54] INFO  [com.feature.resources.server.resources.GraphicResource] - 4fcdb21597ac005df11bb703
2012-06-08 09:54:18,194 [qtp166253792-55] INFO  [com.feature.resources.server.resources.GraphicResource] - 4fcdb21597ac005df11bb702
2012-06-08 09:54:18,195 [qtp166253792-54] INFO  [com.feature.resources.server.resources.GraphicResource] - 4fcdb21597ac005df11bb701
2012-06-08 09:54:18,207 [qtp166253792-58] INFO  [com.feature.resources.server.resources.GraphicResource] - 4fcdb21597ac005df11bb700
2012-06-08 09:54:18,213 [qtp166253792-63] INFO  [com.feature.resources.server.config.bootstrap.TestFilter] - Test filter
2012-06-08 09:54:18,216 [qtp166253792-63] INFO  [com.feature.resources.server.config.bootstrap.TestFilter] - Test filter
2012-06-08 09:54:36,346 [qtp166253792-59] INFO  [com.feature.resources.server.config.bootstrap.TestFilter] - Test filter
2012-06-08 09:54:36,347 [qtp166253792-64] INFO  [com.feature.resources.server.resources.GraphicResource] - 4fd07e7797acc13bf88f7706
2012-06-08 09:54:36,350 [qtp166253792-54] INFO  [com.feature.resources.server.config.bootstrap.TestFilter] - Test filter
2012-06-08 09:54:36,368 [qtp166253792-57] INFO  [com.feature.resources.server.config.bootstrap.TestFilter] - Test filter
2012-06-08 09:54:36,372 [qtp166253792-57] INFO  [com.feature.resources.server.config.bootstrap.TestFilter] - Test filter
2012-06-08 09:54:36,373 [qtp166253792-58] INFO  [com.feature.resources.server.config.bootstrap.TestFilter] - Test filter
2012-06-08 09:54:40,890 [qtp166253792-64] INFO  [com.feature.resources.server.config.bootstrap.TestFilter] - Test filter
2012-06-08 09:54:40,890 [qtp166253792-55] INFO  [com.feature.resources.server.config.bootstrap.TestFilter] - Test filter
2012-06-08 09:57:19,673 [qtp166253792-64] INFO  [com.feature.resources.server.resources.GraphicResource] - 4fd07e7797acc13bf88f7706
2012-06-08 09:57:19,689 [qtp166253792-59] INFO  [com.feature.resources.server.resources.GraphicResource] - 4fd07a4197acc13bf88f7702
2012-06-08 09:57:19,701 [qtp166253792-58] INFO  [com.feature.resources.server.resources.GraphicResource] - 4fd0781f97acc13bf88f76fe
2012-06-08 09:57:19,720 [qtp166253792-63] INFO  [com.feature.resources.server.resources.GraphicResource] - 4fd055e097acc13bf88f76fa
2012-06-08 09:57:19,726 [qtp166253792-58] INFO  [com.feature.resources.server.resources.GraphicResource] - 4fd051f497acc13bf88f76f0
2012-06-08 09:57:19,729 [qtp166253792-57] INFO  [com.feature.resources.server.resources.GraphicResource] - 4fd051f497acc13bf88f76f5
2012-06-08 09:57:19,782 [qtp166253792-64] INFO  [com.feature.resources.server.resources.GraphicResource] - 4fd051f497acc13bf88f76f1
2012-06-08 09:57:19,784 [qtp166253792-55] INFO  [com.feature.resources.server.resources.GraphicResource] - 4fd051f497acc13bf88f76f6
2012-06-08 09:57:19,796 [qtp166253792-57] ERROR [com.feature.resources.server.service.impl.GraphicServiceImpl] - Thumbnail image error!
javax.imageio.IIOException: Unsupported Image Type
	at com.sun.imageio.plugins.jpeg.JPEGImageReader.readInternal(JPEGImageReader.java:995)
	at com.sun.imageio.plugins.jpeg.JPEGImageReader.read(JPEGImageReader.java:966)
	at javax.imageio.ImageReader.read(ImageReader.java:940)
	at net.coobird.thumbnailator.tasks.io.InputStreamImageSource.read(Unknown Source)
	at net.coobird.thumbnailator.tasks.SourceSinkThumbnailTask.read(Unknown Source)
	at net.coobird.thumbnailator.Thumbnailator.createThumbnail(Unknown Source)
	at net.coobird.thumbnailator.Thumbnails$Builder.toOutputStream(Unknown Source)
	at com.feature.resources.server.service.impl.GraphicServiceImpl.writeThumbnailStreamIntoDisplay(GraphicServiceImpl.java:78)
	at com.feature.resources.server.service.impl.GraphicServiceImpl.displayThumbnailImage(GraphicServiceImpl.java:96)
	at com.feature.resources.server.resources.GraphicResource$1.write(GraphicResource.java:44)
	at com.sun.jersey.core.impl.provider.entity.StreamingOutputProvider.writeTo(StreamingOutputProvider.java:71)
	at com.sun.jersey.core.impl.provider.entity.StreamingOutputProvider.writeTo(StreamingOutputProvider.java:57)
	at com.sun.jersey.spi.container.ContainerResponse.write(ContainerResponse.java:306)
	at com.sun.jersey.server.impl.application.WebApplicationImpl._handleRequest(WebApplicationImpl.java:1451)
	at com.sun.jersey.server.impl.application.WebApplicationImpl.handleRequest(WebApplicationImpl.java:1363)
	at com.sun.jersey.server.impl.application.WebApplicationImpl.handleRequest(WebApplicationImpl.java:1353)
	at com.sun.jersey.spi.container.servlet.WebComponent.service(WebComponent.java:414)
	at com.sun.jersey.spi.container.servlet.ServletContainer.service(ServletContainer.java:537)
	at com.sun.jersey.spi.container.servlet.ServletContainer.service(ServletContainer.java:708)
	at javax.servlet.http.HttpServlet.service(HttpServlet.java:848)
	at com.google.inject.servlet.ServletDefinition.doService(ServletDefinition.java:263)
	at com.google.inject.servlet.ServletDefinition.service(ServletDefinition.java:178)
	at com.google.inject.servlet.ManagedServletPipeline.service(ManagedServletPipeline.java:91)
	at com.google.inject.servlet.FilterChainInvocation.doFilter(FilterChainInvocation.java:62)
	at com.google.inject.servlet.ManagedFilterPipeline.dispatch(ManagedFilterPipeline.java:118)
	at com.google.inject.servlet.GuiceFilter.doFilter(GuiceFilter.java:113)
	at org.eclipse.jetty.servlet.ServletHandler$CachedChain.doFilter(ServletHandler.java:1347)
	at com.opensymphony.sitemesh.webapp.SiteMeshFilter.obtainContent(SiteMeshFilter.java:129)
	at com.opensymphony.sitemesh.webapp.SiteMeshFilter.doFilter(SiteMeshFilter.java:77)
	at org.eclipse.jetty.servlet.ServletHandler$CachedChain.doFilter(ServletHandler.java:1338)
	at org.eclipse.jetty.servlet.ServletHandler.doHandle(ServletHandler.java:484)
	at org.eclipse.jetty.server.handler.ScopedHandler.handle(ScopedHandler.java:119)
	at org.eclipse.jetty.security.SecurityHandler.handle(SecurityHandler.java:524)
	at org.eclipse.jetty.server.session.SessionHandler.doHandle(SessionHandler.java:233)
	at org.eclipse.jetty.server.handler.ContextHandler.__doHandle(ContextHandler.java:1065)
	at org.eclipse.jetty.server.handler.ContextHandler.doHandle(ContextHandler.java)
	at org.eclipse.jetty.servlet.ServletHandler.doScope(ServletHandler.java:413)
	at org.eclipse.jetty.server.session.SessionHandler.doScope(SessionHandler.java:192)
	at org.eclipse.jetty.server.handler.ContextHandler.doScope(ContextHandler.java:999)
	at org.eclipse.jetty.server.handler.ScopedHandler.handle(ScopedHandler.java:117)
	at org.eclipse.jetty.server.handler.ContextHandlerCollection.handle(ContextHandlerCollection.java:250)
	at org.eclipse.jetty.server.handler.HandlerCollection.handle(HandlerCollection.java:149)
	at org.eclipse.jetty.server.handler.HandlerWrapper.handle(HandlerWrapper.java:111)
	at org.eclipse.jetty.server.Server.handle(Server.java:350)
	at org.eclipse.jetty.server.AbstractHttpConnection.handleRequest(AbstractHttpConnection.java:454)
	at org.eclipse.jetty.server.AbstractHttpConnection.headerComplete(AbstractHttpConnection.java:890)
	at org.eclipse.jetty.server.AbstractHttpConnection$RequestHandler.headerComplete(AbstractHttpConnection.java:944)
	at org.eclipse.jetty.http.HttpParser.parseNext(HttpParser.java:630)
	at org.eclipse.jetty.http.HttpParser.parseAvailable(HttpParser.java:230)
	at org.eclipse.jetty.server.AsyncHttpConnection.handle(AsyncHttpConnection.java:77)
	at org.eclipse.jetty.io.nio.SelectChannelEndPoint.handle(SelectChannelEndPoint.java:606)
	at org.eclipse.jetty.io.nio.SelectChannelEndPoint$1.run(SelectChannelEndPoint.java:46)
	at org.eclipse.jetty.util.thread.QueuedThreadPool.runJob(QueuedThreadPool.java:603)
	at org.eclipse.jetty.util.thread.QueuedThreadPool$3.run(QueuedThreadPool.java:538)
	at java.lang.Thread.run(Thread.java:722)
2012-06-08 09:57:19,799 [qtp166253792-58] INFO  [com.feature.resources.server.resources.GraphicResource] - 4fd051f497acc13bf88f76e0
2012-06-08 09:57:19,819 [qtp166253792-59] INFO  [com.feature.resources.server.resources.GraphicResource] - 4fd051f497acc13bf88f76e8
2012-06-08 09:57:19,877 [qtp166253792-58] INFO  [com.feature.resources.server.resources.GraphicResource] - 4fd051f497acc13bf88f76dc
2012-06-08 09:57:19,881 [qtp166253792-59] INFO  [com.feature.resources.server.resources.GraphicResource] - 4fd051f497acc13bf88f76db
2012-06-08 09:57:19,896 [qtp166253792-57] INFO  [com.feature.resources.server.resources.GraphicResource] - 4fd051f497acc13bf88f76da
2012-06-08 09:57:19,920 [qtp166253792-55] INFO  [com.feature.resources.server.resources.GraphicResource] - 4fd051f497acc13bf88f76d0
2012-06-08 09:57:19,932 [qtp166253792-57] INFO  [com.feature.resources.server.resources.GraphicResource] - 4fd051f497acc13bf88f76cf
2012-06-08 09:57:19,945 [qtp166253792-58] INFO  [com.feature.resources.server.resources.GraphicResource] - 4fd051f397acc13bf88f76c9
2012-06-08 09:57:19,970 [qtp166253792-57] INFO  [com.feature.resources.server.resources.GraphicResource] - 4fd051f397acc13bf88f76c4
2012-06-08 09:57:19,973 [qtp166253792-59] INFO  [com.feature.resources.server.resources.GraphicResource] - 4fd051f397acc13bf88f76c0
2012-06-08 09:57:19,974 [qtp166253792-63] INFO  [com.feature.resources.server.resources.GraphicResource] - 4fd051f397acc13bf88f76bf
2012-06-08 09:57:19,980 [qtp166253792-64] INFO  [com.feature.resources.server.resources.GraphicResource] - 4fd051f397acc13bf88f76b9
2012-06-08 09:57:19,983 [qtp166253792-55] INFO  [com.feature.resources.server.resources.GraphicResource] - 4fd051f397acc13bf88f76be
2012-06-08 09:57:20,007 [qtp166253792-57] INFO  [com.feature.resources.server.resources.GraphicResource] - 4fd051f397acc13bf88f76b2
2012-06-08 09:57:20,021 [qtp166253792-58] INFO  [com.feature.resources.server.resources.GraphicResource] - 4fd051f397acc13bf88f76b1
2012-06-08 09:57:20,047 [qtp166253792-57] INFO  [com.feature.resources.server.resources.GraphicResource] - 4fd051f397acc13bf88f76a9
2012-06-08 09:57:20,066 [qtp166253792-55] INFO  [com.feature.resources.server.resources.GraphicResource] - 4fd051f397acc13bf88f76a4
2012-06-08 09:57:20,079 [qtp166253792-57] INFO  [com.feature.resources.server.resources.GraphicResource] - 4fd051f397acc13bf88f76a0
2012-06-08 09:57:20,083 [qtp166253792-63] INFO  [com.feature.resources.server.resources.GraphicResource] - 4fd051f397acc13bf88f769d
2012-06-08 09:57:20,086 [qtp166253792-59] INFO  [com.feature.resources.server.resources.GraphicResource] - 4fd051f397acc13bf88f7698
2012-06-08 09:57:20,097 [qtp166253792-58] INFO  [com.feature.resources.server.resources.GraphicResource] - 4fd051f397acc13bf88f7695
2012-06-08 09:57:20,113 [qtp166253792-57] INFO  [com.feature.resources.server.resources.GraphicResource] - 4fd051f397acc13bf88f7694
2012-06-08 09:57:20,135 [qtp166253792-63] INFO  [com.feature.resources.server.resources.GraphicResource] - 4fd051f397acc13bf88f768c
2012-06-08 09:57:20,165 [qtp166253792-55] INFO  [com.feature.resources.server.resources.GraphicResource] - 4fd051f397acc13bf88f7686
2012-06-08 09:57:20,165 [qtp166253792-57] INFO  [com.feature.resources.server.resources.GraphicResource] - 4fd051f397acc13bf88f7688
2012-06-08 09:57:20,170 [qtp166253792-64] INFO  [com.feature.resources.server.resources.GraphicResource] - 4fd051f397acc13bf88f7687
2012-06-08 09:57:20,176 [qtp166253792-58] INFO  [com.feature.resources.server.resources.GraphicResource] - 4fd051f397acc13bf88f767f
2012-06-08 09:57:20,212 [qtp166253792-57] INFO  [com.feature.resources.server.resources.GraphicResource] - 4fd051f397acc13bf88f767d
2012-06-08 09:57:20,232 [qtp166253792-55] INFO  [com.feature.resources.server.resources.GraphicResource] - 4fd051f397acc13bf88f767e
2012-06-08 09:57:20,277 [qtp166253792-64] INFO  [com.feature.resources.server.resources.GraphicResource] - 4fd045e897acbf88ae05a8d1
2012-06-08 09:57:20,277 [qtp166253792-57] INFO  [com.feature.resources.server.resources.GraphicResource] - 4fd047e497acbf88ae05a8dd
2012-06-08 09:57:20,292 [qtp166253792-58] INFO  [com.feature.resources.server.resources.GraphicResource] - 4fd047ab97acbf88ae05a8d9
2012-06-08 09:57:20,302 [qtp166253792-55] INFO  [com.feature.resources.server.resources.GraphicResource] - 4fd0476c97acbf88ae05a8d5
2012-06-08 09:57:20,318 [qtp166253792-63] INFO  [com.feature.resources.server.resources.GraphicResource] - 4fd045e897acbf88ae05a8c9
2012-06-08 09:57:20,331 [qtp166253792-58] INFO  [com.feature.resources.server.resources.GraphicResource] - 4fd045e897acbf88ae05a8c6
2012-06-08 09:57:20,365 [qtp166253792-63] INFO  [com.feature.resources.server.resources.GraphicResource] - 4fd045e897acbf88ae05a8c4
2012-06-08 09:57:20,413 [qtp166253792-57] INFO  [com.feature.resources.server.resources.GraphicResource] - 4fd045e897acbf88ae05a8c0
2012-06-08 09:57:20,423 [qtp166253792-55] INFO  [com.feature.resources.server.resources.GraphicResource] - 4fd045e897acbf88ae05a8c3
2012-06-08 09:57:20,450 [qtp166253792-57] INFO  [com.feature.resources.server.resources.GraphicResource] - 4fd045e897acbf88ae05a8b9
2012-06-08 09:57:20,456 [qtp166253792-63] INFO  [com.feature.resources.server.resources.GraphicResource] - 4fd045e897acbf88ae05a8b8
2012-06-08 09:57:20,495 [qtp166253792-57] INFO  [com.feature.resources.server.resources.GraphicResource] - 4fd03fea97acbf88ae05a8ad
2012-06-08 09:57:20,520 [qtp166253792-58] INFO  [com.feature.resources.server.resources.GraphicResource] - 4fd03fea97acbf88ae05a8a9
2012-06-08 09:57:20,525 [qtp166253792-57] INFO  [com.feature.resources.server.resources.GraphicResource] - 4fd03fea97acbf88ae05a8a6
2012-06-08 09:57:20,555 [qtp166253792-57] INFO  [com.feature.resources.server.resources.GraphicResource] - 4fd03fea97acbf88ae05a8a5
2012-06-08 09:57:20,560 [qtp166253792-63] INFO  [com.feature.resources.server.resources.GraphicResource] - 4fd03fea97acbf88ae05a8a0
2012-06-08 09:57:20,575 [qtp166253792-58] INFO  [com.feature.resources.server.resources.GraphicResource] - 4fd03fea97acbf88ae05a8a1
2012-06-08 09:57:20,585 [qtp166253792-57] INFO  [com.feature.resources.server.resources.GraphicResource] - 4fd03fea97acbf88ae05a897
2012-06-08 09:57:20,585 [qtp166253792-63] INFO  [com.feature.resources.server.resources.GraphicResource] - 4fd03fea97acbf88ae05a896
2012-06-08 09:57:20,587 [qtp166253792-59] INFO  [com.feature.resources.server.resources.GraphicResource] - 4fd045e897acbf88ae05a8d0
2012-06-08 09:57:20,603 [qtp166253792-63] INFO  [com.feature.resources.server.resources.GraphicResource] - 4fd03fea97acbf88ae05a88d
2012-06-08 09:57:20,612 [qtp166253792-58] INFO  [com.feature.resources.server.resources.GraphicResource] - 4fd03fea97acbf88ae05a885
2012-06-08 09:57:20,615 [qtp166253792-57] INFO  [com.feature.resources.server.resources.GraphicResource] - 4fd03fea97acbf88ae05a889
2012-06-08 09:57:20,622 [qtp166253792-63] INFO  [com.feature.resources.server.resources.GraphicResource] - 4fd03fea97acbf88ae05a886
2012-06-08 09:57:20,638 [qtp166253792-57] INFO  [com.feature.resources.server.resources.GraphicResource] - 4fd03fea97acbf88ae05a880
2012-06-08 09:57:20,677 [qtp166253792-63] INFO  [com.feature.resources.server.resources.GraphicResource] - 4fd03fea97acbf88ae05a87f
2012-06-08 09:57:20,685 [qtp166253792-58] INFO  [com.feature.resources.server.resources.GraphicResource] - 4fd03fea97acbf88ae05a877
2012-06-08 09:57:20,689 [qtp166253792-64] INFO  [com.feature.resources.server.resources.GraphicResource] - 4fd03fea97acbf88ae05a871
2012-06-08 09:57:20,704 [qtp166253792-57] INFO  [com.feature.resources.server.resources.GraphicResource] - 4fd03fea97acbf88ae05a86c
2012-06-08 09:57:20,709 [qtp166253792-58] INFO  [com.feature.resources.server.resources.GraphicResource] - 4fd03fea97acbf88ae05a86d
2012-06-08 09:57:20,713 [qtp166253792-63] INFO  [com.feature.resources.server.resources.GraphicResource] - 4fd03fea97acbf88ae05a86e
2012-06-08 09:57:20,719 [qtp166253792-57] INFO  [com.feature.resources.server.resources.GraphicResource] - 4fd03fea97acbf88ae05a861
2012-06-08 09:57:20,732 [qtp166253792-55] INFO  [com.feature.resources.server.resources.GraphicResource] - 4fd03fea97acbf88ae05a860
2012-06-08 09:57:20,734 [qtp166253792-64] INFO  [com.feature.resources.server.resources.GraphicResource] - 4fd03fea97acbf88ae05a85b
2012-06-08 09:57:20,737 [qtp166253792-63] INFO  [com.feature.resources.server.resources.GraphicResource] - 4fd03fea97acbf88ae05a851
2012-06-08 09:57:20,739 [qtp166253792-58] INFO  [com.feature.resources.server.resources.GraphicResource] - 4fd03fea97acbf88ae05a859
2012-06-08 09:57:20,741 [qtp166253792-57] INFO  [com.feature.resources.server.resources.GraphicResource] - 4fd03fe997acbf88ae05a84d
2012-06-08 09:57:20,752 [qtp166253792-55] INFO  [com.feature.resources.server.resources.GraphicResource] - 4fd03fe997acbf88ae05a849
2012-06-08 09:57:20,758 [qtp166253792-63] INFO  [com.feature.resources.server.resources.GraphicResource] - 4fd03fe997acbf88ae05a84a
2012-06-08 09:57:20,763 [qtp166253792-57] INFO  [com.feature.resources.server.resources.GraphicResource] - 4fd03fe997acbf88ae05a843
2012-06-08 09:57:20,765 [qtp166253792-58] INFO  [com.feature.resources.server.resources.GraphicResource] - 4fd03fe997acbf88ae05a83b
2012-06-08 09:57:20,765 [qtp166253792-64] INFO  [com.feature.resources.server.resources.GraphicResource] - 4fd03fe997acbf88ae05a840
2012-06-08 09:57:20,769 [qtp166253792-59] INFO  [com.feature.resources.server.resources.GraphicResource] - 4fd03af297acbf88ae05a835
2012-06-08 09:57:20,780 [qtp166253792-63] INFO  [com.feature.resources.server.resources.GraphicResource] - 4fcddb5697acf6d5b48b4f46
2012-06-08 09:57:20,790 [qtp166253792-64] INFO  [com.feature.resources.server.resources.GraphicResource] - 4fcddb5697acf6d5b48b4f42
2012-06-08 09:57:20,790 [qtp166253792-57] INFO  [com.feature.resources.server.resources.GraphicResource] - 4fcddb5697acf6d5b48b4f41
2012-06-08 09:57:20,795 [qtp166253792-58] INFO  [com.feature.resources.server.resources.GraphicResource] - 4fcddb5697acf6d5b48b4f3a
2012-06-08 09:57:20,802 [qtp166253792-55] INFO  [com.feature.resources.server.resources.GraphicResource] - 4fcddb5697acf6d5b48b4f36
2012-06-08 09:57:20,839 [qtp166253792-63] INFO  [com.feature.resources.server.resources.GraphicResource] - 4fcddb5697acf6d5b48b4f35
2012-06-08 09:57:20,849 [qtp166253792-57] INFO  [com.feature.resources.server.resources.GraphicResource] - 4fcddb5697acf6d5b48b4f34
2012-06-08 09:57:20,857 [qtp166253792-58] INFO  [com.feature.resources.server.resources.GraphicResource] - 4fcddb5697acf6d5b48b4f33
2012-06-08 09:57:20,905 [qtp166253792-57] INFO  [com.feature.resources.server.resources.GraphicResource] - 4fcddb5697acf6d5b48b4f26
2012-06-08 09:57:20,905 [qtp166253792-63] INFO  [com.feature.resources.server.resources.GraphicResource] - 4fcdd80597ac005df11bb714
2012-06-08 09:57:20,910 [qtp166253792-64] INFO  [com.feature.resources.server.resources.GraphicResource] - 4fcdb21597ac005df11bb704
2012-06-08 09:57:20,919 [qtp166253792-59] INFO  [com.feature.resources.server.resources.GraphicResource] - 4fcdb21597ac005df11bb703
2012-06-08 09:57:20,931 [qtp166253792-58] INFO  [com.feature.resources.server.resources.GraphicResource] - 4fcdb21597ac005df11bb701
2012-06-08 09:57:20,946 [qtp166253792-55] INFO  [com.feature.resources.server.resources.GraphicResource] - 4fcdb21597ac005df11bb702
2012-06-08 09:57:20,971 [qtp166253792-57] INFO  [com.feature.resources.server.resources.GraphicResource] - 4fcdb21597ac005df11bb700
